{"/app/app.js": {"path":"/app/app.js","statementMap":{"0":{"start":{"line":1,"column":0},"end":{"line":1,"column":27}},"1":{"start":{"line":2,"column":16},"end":{"line":2,"column":34}},"2":{"start":{"line":3,"column":17},"end":{"line":3,"column":36}},"3":{"start":{"line":4,"column":13},"end":{"line":4,"column":28}},"4":{"start":{"line":5,"column":12},"end":{"line":5,"column":32}},"5":{"start":{"line":6,"column":15},"end":{"line":6,"column":32}},"6":{"start":{"line":8,"column":12},"end":{"line":8,"column":21}},"7":{"start":{"line":10,"column":0},"end":{"line":10,"column":28}},"8":{"start":{"line":12,"column":0},"end":{"line":17,"column":2}},"9":{"start":{"line":19,"column":0},"end":{"line":19,"column":24}},"10":{"start":{"line":20,"column":0},"end":{"line":20,"column":15}},"11":{"start":{"line":23,"column":14},"end":{"line":23,"column":51}},"12":{"start":{"line":25,"column":0},"end":{"line":49,"column":2}},"13":{"start":{"line":52,"column":0},"end":{"line":52,"column":32}},"14":{"start":{"line":55,"column":18},"end":{"line":55,"column":40}},"15":{"start":{"line":56,"column":0},"end":{"line":58,"column":1}},"16":{"start":{"line":57,"column":2},"end":{"line":57,"column":14}},"17":{"start":{"line":61,"column":0},"end":{"line":67,"column":3}},"18":{"start":{"line":62,"column":2},"end":{"line":66,"column":5}},"19":{"start":{"line":70,"column":0},"end":{"line":79,"column":3}},"20":{"start":{"line":71,"column":18},"end":{"line":71,"column":48}},"21":{"start":{"line":73,"column":2},"end":{"line":78,"column":5}},"22":{"start":{"line":81,"column":0},"end":{"line":81,"column":21}}},"fnMap":{"0":{"name":"(anonymous_0)","decl":{"start":{"line":61,"column":13},"end":{"line":61,"column":14}},"loc":{"start":{"line":61,"column":27},"end":{"line":67,"column":1}},"line":61},"1":{"name":"(anonymous_1)","decl":{"start":{"line":70,"column":23},"end":{"line":70,"column":24}},"loc":{"start":{"line":70,"column":37},"end":{"line":79,"column":1}},"line":70}},"branchMap":{"0":{"loc":{"start":{"line":27,"column":27},"end":{"line":47,"column":9}},"type":"cond-expr","locations":[{"start":{"line":28,"column":8},"end":{"line":37,"column":9}},{"start":{"line":38,"column":8},"end":{"line":47,"column":9}}],"line":27},"1":{"loc":{"start":{"line":56,"column":0},"end":{"line":58,"column":1}},"type":"if","locations":[{"start":{"line":56,"column":0},"end":{"line":58,"column":1}},{"start":{},"end":{}}],"line":56},"2":{"loc":{"start":{"line":76,"column":14},"end":{"line":76,"column":58}},"type":"cond-expr","locations":[{"start":{"line":76,"column":30},"end":{"line":76,"column":41}},{"start":{"line":76,"column":44},"end":{"line":76,"column":58}}],"line":76}},"s":{"0":5,"1":5,"2":5,"3":5,"4":5,"5":5,"6":5,"7":5,"8":5,"9":5,"10":5,"11":5,"12":5,"13":5,"14":5,"15":5,"16":0,"17":5,"18":0,"19":5,"20":0,"21":0,"22":5},"f":{"0":0,"1":0},"b":{"0":[5,0],"1":[0,5],"2":[0,0]},"_coverageSchema":"1a1c01bbd47fc00a2c39e90264f33305004495a9","hash":"3ef2632f8999cdc1e59c70facdcc90118d60e63d"}
,"/app/server.js": {"path":"/app/server.js","statementMap":{"0":{"start":{"line":1,"column":0},"end":{"line":1,"column":27}},"1":{"start":{"line":2,"column":12},"end":{"line":2,"column":28}},"2":{"start":{"line":4,"column":0},"end":{"line":8,"column":1}},"3":{"start":{"line":5,"column":2},"end":{"line":7,"column":5}},"4":{"start":{"line":6,"column":4},"end":{"line":6,"column":60}},"5":{"start":{"line":10,"column":0},"end":{"line":10,"column":21}}},"fnMap":{"0":{"name":"(anonymous_0)","decl":{"start":{"line":5,"column":19},"end":{"line":5,"column":20}},"loc":{"start":{"line":5,"column":25},"end":{"line":7,"column":3}},"line":5}},"branchMap":{"0":{"loc":{"start":{"line":4,"column":0},"end":{"line":8,"column":1}},"type":"if","locations":[{"start":{"line":4,"column":0},"end":{"line":8,"column":1}},{"start":{},"end":{}}],"line":4}},"s":{"0":5,"1":5,"2":5,"3":0,"4":0,"5":5},"f":{"0":0},"b":{"0":[0,5]},"_coverageSchema":"1a1c01bbd47fc00a2c39e90264f33305004495a9","hash":"cb799cdb95bd7bd83a3d9ad55de54d91b2184846"}
,"/app/config/db.js": {"path":"/app/config/db.js","statementMap":{"0":{"start":{"line":2,"column":17},"end":{"line":2,"column":36}},"1":{"start":{"line":4,"column":18},"end":{"line":12,"column":1}},"2":{"start":{"line":5,"column":2},"end":{"line":11,"column":3}},"3":{"start":{"line":6,"column":4},"end":{"line":6,"column":50}},"4":{"start":{"line":7,"column":4},"end":{"line":7,"column":36}},"5":{"start":{"line":9,"column":4},"end":{"line":9,"column":63}},"6":{"start":{"line":10,"column":4},"end":{"line":10,"column":20}},"7":{"start":{"line":14,"column":0},"end":{"line":14,"column":27}}},"fnMap":{"0":{"name":"(anonymous_0)","decl":{"start":{"line":4,"column":18},"end":{"line":4,"column":19}},"loc":{"start":{"line":4,"column":30},"end":{"line":12,"column":1}},"line":4}},"branchMap":{},"s":{"0":5,"1":5,"2":0,"3":0,"4":0,"5":0,"6":0,"7":5},"f":{"0":0},"b":{},"_coverageSchema":"1a1c01bbd47fc00a2c39e90264f33305004495a9","hash":"3f7f7440a8957328ceec0cdce4fd0bae6f3cd22c"}
,"/app/controllers/account.controller.js": {"path":"/app/controllers/account.controller.js","statementMap":{"0":{"start":{"line":1,"column":17},"end":{"line":1,"column":42}},"1":{"start":{"line":2,"column":26},"end":{"line":2,"column":49}},"2":{"start":{"line":4,"column":0},"end":{"line":41,"column":2}},"3":{"start":{"line":5,"column":2},"end":{"line":40,"column":3}},"4":{"start":{"line":6,"column":19},"end":{"line":6,"column":30}},"5":{"start":{"line":7,"column":21},"end":{"line":7,"column":29}},"6":{"start":{"line":9,"column":4},"end":{"line":11,"column":5}},"7":{"start":{"line":10,"column":6},"end":{"line":10,"column":64}},"8":{"start":{"line":13,"column":17},"end":{"line":13,"column":48}},"9":{"start":{"line":14,"column":4},"end":{"line":16,"column":5}},"10":{"start":{"line":15,"column":6},"end":{"line":15,"column":74}},"11":{"start":{"line":18,"column":4},"end":{"line":18,"column":27}},"12":{"start":{"line":19,"column":4},"end":{"line":19,"column":22}},"13":{"start":{"line":21,"column":18},"end":{"line":25,"column":6}},"14":{"start":{"line":27,"column":4},"end":{"line":36,"column":7}},"15":{"start":{"line":38,"column":4},"end":{"line":38,"column":23}},"16":{"start":{"line":39,"column":4},"end":{"line":39,"column":56}},"17":{"start":{"line":43,"column":0},"end":{"line":75,"column":2}},"18":{"start":{"line":44,"column":2},"end":{"line":74,"column":3}},"19":{"start":{"line":45,"column":19},"end":{"line":45,"column":30}},"20":{"start":{"line":46,"column":45},"end":{"line":46,"column":53}},"21":{"start":{"line":48,"column":17},"end":{"line":48,"column":48}},"22":{"start":{"line":49,"column":4},"end":{"line":51,"column":5}},"23":{"start":{"line":50,"column":6},"end":{"line":50,"column":74}},"24":{"start":{"line":53,"column":4},"end":{"line":53,"column":45}},"25":{"start":{"line":53,"column":28},"end":{"line":53,"column":45}},"26":{"start":{"line":54,"column":4},"end":{"line":54,"column":48}},"27":{"start":{"line":54,"column":29},"end":{"line":54,"column":48}},"28":{"start":{"line":55,"column":4},"end":{"line":55,"column":48}},"29":{"start":{"line":55,"column":29},"end":{"line":55,"column":48}},"30":{"start":{"line":56,"column":4},"end":{"line":56,"column":57}},"31":{"start":{"line":56,"column":32},"end":{"line":56,"column":57}},"32":{"start":{"line":58,"column":4},"end":{"line":58,"column":22}},"33":{"start":{"line":60,"column":4},"end":{"line":70,"column":7}},"34":{"start":{"line":72,"column":4},"end":{"line":72,"column":23}},"35":{"start":{"line":73,"column":4},"end":{"line":73,"column":56}},"36":{"start":{"line":77,"column":0},"end":{"line":115,"column":2}},"37":{"start":{"line":78,"column":2},"end":{"line":114,"column":3}},"38":{"start":{"line":79,"column":19},"end":{"line":79,"column":30}},"39":{"start":{"line":87,"column":8},"end":{"line":87,"column":16}},"40":{"start":{"line":89,"column":17},"end":{"line":89,"column":48}},"41":{"start":{"line":90,"column":4},"end":{"line":92,"column":5}},"42":{"start":{"line":91,"column":6},"end":{"line":91,"column":74}},"43":{"start":{"line":94,"column":4},"end":{"line":96,"column":5}},"44":{"start":{"line":95,"column":6},"end":{"line":95,"column":27}},"45":{"start":{"line":98,"column":4},"end":{"line":98,"column":80}},"46":{"start":{"line":98,"column":36},"end":{"line":98,"column":80}},"47":{"start":{"line":99,"column":4},"end":{"line":99,"column":62}},"48":{"start":{"line":99,"column":30},"end":{"line":99,"column":62}},"49":{"start":{"line":100,"column":4},"end":{"line":100,"column":81}},"50":{"start":{"line":100,"column":37},"end":{"line":100,"column":81}},"51":{"start":{"line":101,"column":4},"end":{"line":101,"column":69}},"52":{"start":{"line":101,"column":33},"end":{"line":101,"column":69}},"53":{"start":{"line":102,"column":4},"end":{"line":102,"column":68}},"54":{"start":{"line":102,"column":32},"end":{"line":102,"column":68}},"55":{"start":{"line":103,"column":4},"end":{"line":103,"column":59}},"56":{"start":{"line":103,"column":29},"end":{"line":103,"column":59}},"57":{"start":{"line":105,"column":4},"end":{"line":105,"column":22}},"58":{"start":{"line":107,"column":4},"end":{"line":110,"column":7}},"59":{"start":{"line":112,"column":4},"end":{"line":112,"column":23}},"60":{"start":{"line":113,"column":4},"end":{"line":113,"column":56}}},"fnMap":{"0":{"name":"(anonymous_0)","decl":{"start":{"line":4,"column":21},"end":{"line":4,"column":22}},"loc":{"start":{"line":4,"column":41},"end":{"line":41,"column":1}},"line":4},"1":{"name":"(anonymous_1)","decl":{"start":{"line":43,"column":24},"end":{"line":43,"column":25}},"loc":{"start":{"line":43,"column":44},"end":{"line":75,"column":1}},"line":43},"2":{"name":"(anonymous_2)","decl":{"start":{"line":77,"column":27},"end":{"line":77,"column":28}},"loc":{"start":{"line":77,"column":47},"end":{"line":115,"column":1}},"line":77}},"branchMap":{"0":{"loc":{"start":{"line":9,"column":4},"end":{"line":11,"column":5}},"type":"if","locations":[{"start":{"line":9,"column":4},"end":{"line":11,"column":5}},{"start":{},"end":{}}],"line":9},"1":{"loc":{"start":{"line":14,"column":4},"end":{"line":16,"column":5}},"type":"if","locations":[{"start":{"line":14,"column":4},"end":{"line":16,"column":5}},{"start":{},"end":{}}],"line":14},"2":{"loc":{"start":{"line":49,"column":4},"end":{"line":51,"column":5}},"type":"if","locations":[{"start":{"line":49,"column":4},"end":{"line":51,"column":5}},{"start":{},"end":{}}],"line":49},"3":{"loc":{"start":{"line":53,"column":4},"end":{"line":53,"column":45}},"type":"if","locations":[{"start":{"line":53,"column":4},"end":{"line":53,"column":45}},{"start":{},"end":{}}],"line":53},"4":{"loc":{"start":{"line":54,"column":4},"end":{"line":54,"column":48}},"type":"if","locations":[{"start":{"line":54,"column":4},"end":{"line":54,"column":48}},{"start":{},"end":{}}],"line":54},"5":{"loc":{"start":{"line":55,"column":4},"end":{"line":55,"column":48}},"type":"if","locations":[{"start":{"line":55,"column":4},"end":{"line":55,"column":48}},{"start":{},"end":{}}],"line":55},"6":{"loc":{"start":{"line":56,"column":4},"end":{"line":56,"column":57}},"type":"if","locations":[{"start":{"line":56,"column":4},"end":{"line":56,"column":57}},{"start":{},"end":{}}],"line":56},"7":{"loc":{"start":{"line":90,"column":4},"end":{"line":92,"column":5}},"type":"if","locations":[{"start":{"line":90,"column":4},"end":{"line":92,"column":5}},{"start":{},"end":{}}],"line":90},"8":{"loc":{"start":{"line":94,"column":4},"end":{"line":96,"column":5}},"type":"if","locations":[{"start":{"line":94,"column":4},"end":{"line":96,"column":5}},{"start":{},"end":{}}],"line":94},"9":{"loc":{"start":{"line":98,"column":4},"end":{"line":98,"column":80}},"type":"if","locations":[{"start":{"line":98,"column":4},"end":{"line":98,"column":80}},{"start":{},"end":{}}],"line":98},"10":{"loc":{"start":{"line":99,"column":4},"end":{"line":99,"column":62}},"type":"if","locations":[{"start":{"line":99,"column":4},"end":{"line":99,"column":62}},{"start":{},"end":{}}],"line":99},"11":{"loc":{"start":{"line":100,"column":4},"end":{"line":100,"column":81}},"type":"if","locations":[{"start":{"line":100,"column":4},"end":{"line":100,"column":81}},{"start":{},"end":{}}],"line":100},"12":{"loc":{"start":{"line":101,"column":4},"end":{"line":101,"column":69}},"type":"if","locations":[{"start":{"line":101,"column":4},"end":{"line":101,"column":69}},{"start":{},"end":{}}],"line":101},"13":{"loc":{"start":{"line":102,"column":4},"end":{"line":102,"column":68}},"type":"if","locations":[{"start":{"line":102,"column":4},"end":{"line":102,"column":68}},{"start":{},"end":{}}],"line":102},"14":{"loc":{"start":{"line":103,"column":4},"end":{"line":103,"column":59}},"type":"if","locations":[{"start":{"line":103,"column":4},"end":{"line":103,"column":59}},{"start":{},"end":{}}],"line":103}},"s":{"0":5,"1":5,"2":5,"3":4,"4":4,"5":4,"6":4,"7":2,"8":2,"9":2,"10":0,"11":2,"12":2,"13":2,"14":2,"15":0,"16":0,"17":5,"18":0,"19":0,"20":0,"21":0,"22":0,"23":0,"24":0,"25":0,"26":0,"27":0,"28":0,"29":0,"30":0,"31":0,"32":0,"33":0,"34":0,"35":0,"36":5,"37":0,"38":0,"39":0,"40":0,"41":0,"42":0,"43":0,"44":0,"45":0,"46":0,"47":0,"48":0,"49":0,"50":0,"51":0,"52":0,"53":0,"54":0,"55":0,"56":0,"57":0,"58":0,"59":0,"60":0},"f":{"0":4,"1":0,"2":0},"b":{"0":[2,2],"1":[0,2],"2":[0,0],"3":[0,0],"4":[0,0],"5":[0,0],"6":[0,0],"7":[0,0],"8":[0,0],"9":[0,0],"10":[0,0],"11":[0,0],"12":[0,0],"13":[0,0],"14":[0,0]},"_coverageSchema":"1a1c01bbd47fc00a2c39e90264f33305004495a9","hash":"7b55833e34b81b3c51a28c1f77ff70b0e72c84a8"}
,"/app/controllers/proController.js": {"path":"/app/controllers/proController.js","statementMap":{"0":{"start":{"line":1,"column":0},"end":{"line":3,"column":2}},"1":{"start":{"line":2,"column":2},"end":{"line":2,"column":72}}},"fnMap":{"0":{"name":"(anonymous_0)","decl":{"start":{"line":1,"column":23},"end":{"line":1,"column":24}},"loc":{"start":{"line":1,"column":37},"end":{"line":3,"column":1}},"line":1}},"branchMap":{},"s":{"0":5,"1":2},"f":{"0":2},"b":{},"_coverageSchema":"1a1c01bbd47fc00a2c39e90264f33305004495a9","hash":"9090efb3de61765021b2d2a67b1d567a7e324fc7"}
,"/app/middleware/auth.js": {"path":"/app/middleware/auth.js","statementMap":{"0":{"start":{"line":1,"column":12},"end":{"line":1,"column":35}},"1":{"start":{"line":4,"column":0},"end":{"line":25,"column":2}},"2":{"start":{"line":5,"column":21},"end":{"line":5,"column":46}},"3":{"start":{"line":7,"column":2},"end":{"line":9,"column":3}},"4":{"start":{"line":8,"column":4},"end":{"line":8,"column":76}},"5":{"start":{"line":11,"column":16},"end":{"line":11,"column":40}},"6":{"start":{"line":12,"column":2},"end":{"line":24,"column":3}},"7":{"start":{"line":13,"column":20},"end":{"line":13,"column":61}},"8":{"start":{"line":15,"column":4},"end":{"line":19,"column":6}},"9":{"start":{"line":21,"column":4},"end":{"line":21,"column":11}},"10":{"start":{"line":23,"column":4},"end":{"line":23,"column":63}}},"fnMap":{"0":{"name":"(anonymous_0)","decl":{"start":{"line":4,"column":18},"end":{"line":4,"column":19}},"loc":{"start":{"line":4,"column":38},"end":{"line":25,"column":1}},"line":4}},"branchMap":{"0":{"loc":{"start":{"line":7,"column":2},"end":{"line":9,"column":3}},"type":"if","locations":[{"start":{"line":7,"column":2},"end":{"line":9,"column":3}},{"start":{},"end":{}}],"line":7},"1":{"loc":{"start":{"line":7,"column":6},"end":{"line":7,"column":54}},"type":"binary-expr","locations":[{"start":{"line":7,"column":6},"end":{"line":7,"column":17}},{"start":{"line":7,"column":21},"end":{"line":7,"column":54}}],"line":7}},"s":{"0":6,"1":6,"2":17,"3":17,"4":6,"5":11,"6":11,"7":11,"8":9,"9":9,"10":2},"f":{"0":17},"b":{"0":[6,11],"1":[17,12]},"_coverageSchema":"1a1c01bbd47fc00a2c39e90264f33305004495a9","hash":"4abb29342f945f137a2f848b19f736b7bc0f1ade"}
,"/app/middleware/roles.js": {"path":"/app/middleware/roles.js","statementMap":{"0":{"start":{"line":1,"column":0},"end":{"line":6,"column":2}},"1":{"start":{"line":1,"column":36},"end":{"line":6,"column":1}},"2":{"start":{"line":2,"column":2},"end":{"line":4,"column":3}},"3":{"start":{"line":3,"column":4},"end":{"line":3,"column":61}},"4":{"start":{"line":5,"column":2},"end":{"line":5,"column":9}}},"fnMap":{"0":{"name":"(anonymous_0)","decl":{"start":{"line":1,"column":22},"end":{"line":1,"column":23}},"loc":{"start":{"line":1,"column":36},"end":{"line":6,"column":1}},"line":1},"1":{"name":"(anonymous_1)","decl":{"start":{"line":1,"column":36},"end":{"line":1,"column":37}},"loc":{"start":{"line":1,"column":56},"end":{"line":6,"column":1}},"line":1}},"branchMap":{"0":{"loc":{"start":{"line":2,"column":2},"end":{"line":4,"column":3}},"type":"if","locations":[{"start":{"line":2,"column":2},"end":{"line":4,"column":3}},{"start":{},"end":{}}],"line":2},"1":{"loc":{"start":{"line":2,"column":6},"end":{"line":2,"column":51}},"type":"binary-expr","locations":[{"start":{"line":2,"column":6},"end":{"line":2,"column":15}},{"start":{"line":2,"column":19},"end":{"line":2,"column":51}}],"line":2}},"s":{"0":5,"1":5,"2":4,"3":2,"4":2},"f":{"0":5,"1":4},"b":{"0":[2,2],"1":[4,4]},"_coverageSchema":"1a1c01bbd47fc00a2c39e90264f33305004495a9","hash":"2cf1fdc48c7febaee2f9d65f443ccb40b9eefbd9"}
,"/app/models/User.js": {"path":"/app/models/User.js","statementMap":{"0":{"start":{"line":1,"column":17},"end":{"line":1,"column":36}},"1":{"start":{"line":2,"column":15},"end":{"line":2,"column":34}},"2":{"start":{"line":4,"column":19},"end":{"line":38,"column":1}},"3":{"start":{"line":41,"column":0},"end":{"line":46,"column":3}},"4":{"start":{"line":42,"column":2},"end":{"line":42,"column":50}},"5":{"start":{"line":42,"column":36},"end":{"line":42,"column":50}},"6":{"start":{"line":43,"column":15},"end":{"line":43,"column":39}},"7":{"start":{"line":44,"column":2},"end":{"line":44,"column":57}},"8":{"start":{"line":45,"column":2},"end":{"line":45,"column":9}},"9":{"start":{"line":49,"column":0},"end":{"line":51,"column":2}},"10":{"start":{"line":50,"column":2},"end":{"line":50,"column":58}},"11":{"start":{"line":53,"column":13},"end":{"line":53,"column":47}},"12":{"start":{"line":54,"column":0},"end":{"line":54,"column":22}}},"fnMap":{"0":{"name":"(anonymous_0)","decl":{"start":{"line":41,"column":23},"end":{"line":41,"column":24}},"loc":{"start":{"line":41,"column":45},"end":{"line":46,"column":1}},"line":41},"1":{"name":"(anonymous_1)","decl":{"start":{"line":49,"column":37},"end":{"line":49,"column":38}},"loc":{"start":{"line":49,"column":66},"end":{"line":51,"column":1}},"line":49}},"branchMap":{"0":{"loc":{"start":{"line":42,"column":2},"end":{"line":42,"column":50}},"type":"if","locations":[{"start":{"line":42,"column":2},"end":{"line":42,"column":50}},{"start":{},"end":{}}],"line":42}},"s":{"0":5,"1":5,"2":5,"3":5,"4":9,"5":2,"6":7,"7":7,"8":7,"9":5,"10":1,"11":5,"12":5},"f":{"0":9,"1":1},"b":{"0":[2,7]},"_coverageSchema":"1a1c01bbd47fc00a2c39e90264f33305004495a9","hash":"4f71d2aa20a95a618abd6fdf418e280389fa95aa"}
,"/app/routes/account.js": {"path":"/app/routes/account.js","statementMap":{"0":{"start":{"line":1,"column":16},"end":{"line":1,"column":34}},"1":{"start":{"line":2,"column":20},"end":{"line":2,"column":49}},"2":{"start":{"line":7,"column":4},"end":{"line":7,"column":48}},"3":{"start":{"line":9,"column":15},"end":{"line":9,"column":31}},"4":{"start":{"line":11,"column":0},"end":{"line":11,"column":43}},"5":{"start":{"line":12,"column":0},"end":{"line":12,"column":49}},"6":{"start":{"line":13,"column":0},"end":{"line":13,"column":56}},"7":{"start":{"line":15,"column":0},"end":{"line":15,"column":24}}},"fnMap":{},"branchMap":{},"s":{"0":5,"1":5,"2":5,"3":5,"4":5,"5":5,"6":5,"7":5},"f":{},"b":{},"_coverageSchema":"1a1c01bbd47fc00a2c39e90264f33305004495a9","hash":"df9b5df56a7efb5695f93f6e498c5444f844660f"}
,"/app/routes/pro.js": {"path":"/app/routes/pro.js","statementMap":{"0":{"start":{"line":1,"column":16},"end":{"line":1,"column":34}},"1":{"start":{"line":2,"column":20},"end":{"line":2,"column":49}},"2":{"start":{"line":3,"column":24},"end":{"line":3,"column":54}},"3":{"start":{"line":4,"column":25},"end":{"line":4,"column":64}},"4":{"start":{"line":6,"column":15},"end":{"line":6,"column":31}},"5":{"start":{"line":9,"column":0},"end":{"line":9,"column":68}},"6":{"start":{"line":11,"column":0},"end":{"line":11,"column":24}}},"fnMap":{},"branchMap":{},"s":{"0":5,"1":5,"2":5,"3":5,"4":5,"5":5,"6":5},"f":{},"b":{},"_coverageSchema":"1a1c01bbd47fc00a2c39e90264f33305004495a9","hash":"170a320a667cb990fe6209ee8a845905649ded30"}
,"/app/routes/router.js": {"path":"/app/routes/router.js","statementMap":{"0":{"start":{"line":1,"column":0},"end":{"line":5,"column":2}},"1":{"start":{"line":2,"column":2},"end":{"line":2,"column":42}},"2":{"start":{"line":3,"column":2},"end":{"line":3,"column":48}},"3":{"start":{"line":4,"column":2},"end":{"line":4,"column":40}}},"fnMap":{"0":{"name":"(anonymous_0)","decl":{"start":{"line":1,"column":17},"end":{"line":1,"column":18}},"loc":{"start":{"line":1,"column":26},"end":{"line":5,"column":1}},"line":1}},"branchMap":{},"s":{"0":5,"1":5,"2":5,"3":5},"f":{"0":5},"b":{},"_coverageSchema":"1a1c01bbd47fc00a2c39e90264f33305004495a9","hash":"8471e7b7ca72316fe214e16b696c795fd16e3bde"}
,"/app/routes/auth/index.js": {"path":"/app/routes/auth/index.js","statementMap":{"0":{"start":{"line":1,"column":16},"end":{"line":1,"column":34}},"1":{"start":{"line":2,"column":15},"end":{"line":2,"column":31}},"2":{"start":{"line":4,"column":0},"end":{"line":4,"column":47}},"3":{"start":{"line":5,"column":0},"end":{"line":5,"column":41}},"4":{"start":{"line":6,"column":0},"end":{"line":6,"column":35}},"5":{"start":{"line":8,"column":0},"end":{"line":8,"column":24}}},"fnMap":{},"branchMap":{},"s":{"0":5,"1":5,"2":5,"3":5,"4":5,"5":5},"f":{},"b":{},"_coverageSchema":"1a1c01bbd47fc00a2c39e90264f33305004495a9","hash":"a290167b3f708efea361cc7bc8ad318c04d70fd0"}
,"/app/routes/auth/login.js": {"path":"/app/routes/auth/login.js","statementMap":{"0":{"start":{"line":1,"column":16},"end":{"line":1,"column":34}},"1":{"start":{"line":2,"column":13},"end":{"line":2,"column":41}},"2":{"start":{"line":3,"column":26},"end":{"line":3,"column":52}},"3":{"start":{"line":4,"column":35},"end":{"line":4,"column":63}},"4":{"start":{"line":6,"column":15},"end":{"line":6,"column":31}},"5":{"start":{"line":9,"column":0},"end":{"line":58,"column":2}},"6":{"start":{"line":23,"column":19},"end":{"line":23,"column":40}},"7":{"start":{"line":24,"column":4},"end":{"line":26,"column":5}},"8":{"start":{"line":25,"column":6},"end":{"line":25,"column":62}},"9":{"start":{"line":28,"column":4},"end":{"line":56,"column":5}},"10":{"start":{"line":29,"column":34},"end":{"line":29,"column":42}},"11":{"start":{"line":30,"column":19},"end":{"line":30,"column":68}},"12":{"start":{"line":31,"column":6},"end":{"line":33,"column":7}},"13":{"start":{"line":32,"column":8},"end":{"line":32,"column":76}},"14":{"start":{"line":35,"column":22},"end":{"line":35,"column":58}},"15":{"start":{"line":36,"column":6},"end":{"line":38,"column":7}},"16":{"start":{"line":37,"column":8},"end":{"line":37,"column":75}},"17":{"start":{"line":40,"column":20},"end":{"line":40,"column":39}},"18":{"start":{"line":42,"column":6},"end":{"line":52,"column":9}},"19":{"start":{"line":54,"column":6},"end":{"line":54,"column":25}},"20":{"start":{"line":55,"column":6},"end":{"line":55,"column":58}},"21":{"start":{"line":60,"column":0},"end":{"line":60,"column":24}}},"fnMap":{"0":{"name":"(anonymous_0)","decl":{"start":{"line":22,"column":2},"end":{"line":22,"column":3}},"loc":{"start":{"line":22,"column":22},"end":{"line":57,"column":3}},"line":22}},"branchMap":{"0":{"loc":{"start":{"line":24,"column":4},"end":{"line":26,"column":5}},"type":"if","locations":[{"start":{"line":24,"column":4},"end":{"line":26,"column":5}},{"start":{},"end":{}}],"line":24},"1":{"loc":{"start":{"line":31,"column":6},"end":{"line":33,"column":7}},"type":"if","locations":[{"start":{"line":31,"column":6},"end":{"line":33,"column":7}},{"start":{},"end":{}}],"line":31},"2":{"loc":{"start":{"line":36,"column":6},"end":{"line":38,"column":7}},"type":"if","locations":[{"start":{"line":36,"column":6},"end":{"line":38,"column":7}},{"start":{},"end":{}}],"line":36}},"s":{"0":5,"1":5,"2":5,"3":5,"4":5,"5":5,"6":1,"7":1,"8":0,"9":1,"10":1,"11":1,"12":1,"13":0,"14":1,"15":1,"16":0,"17":1,"18":1,"19":0,"20":0,"21":5},"f":{"0":1},"b":{"0":[0,1],"1":[0,1],"2":[0,1]},"_coverageSchema":"1a1c01bbd47fc00a2c39e90264f33305004495a9","hash":"ae502f96ba8944fe9b0fd2c398cba5bd6bd5b1b4"}
,"/app/routes/auth/me.js": {"path":"/app/routes/auth/me.js","statementMap":{"0":{"start":{"line":1,"column":16},"end":{"line":1,"column":34}},"1":{"start":{"line":2,"column":20},"end":{"line":2,"column":52}},"2":{"start":{"line":3,"column":13},"end":{"line":3,"column":41}},"3":{"start":{"line":5,"column":15},"end":{"line":5,"column":31}},"4":{"start":{"line":8,"column":0},"end":{"line":27,"column":3}},"5":{"start":{"line":9,"column":2},"end":{"line":26,"column":3}},"6":{"start":{"line":10,"column":4},"end":{"line":12,"column":5}},"7":{"start":{"line":11,"column":6},"end":{"line":11,"column":65}},"8":{"start":{"line":14,"column":17},"end":{"line":16,"column":13}},"9":{"start":{"line":18,"column":4},"end":{"line":20,"column":5}},"10":{"start":{"line":19,"column":6},"end":{"line":19,"column":73}},"11":{"start":{"line":22,"column":4},"end":{"line":22,"column":19}},"12":{"start":{"line":24,"column":4},"end":{"line":24,"column":23}},"13":{"start":{"line":25,"column":4},"end":{"line":25,"column":56}},"14":{"start":{"line":29,"column":0},"end":{"line":29,"column":24}}},"fnMap":{"0":{"name":"(anonymous_0)","decl":{"start":{"line":8,"column":25},"end":{"line":8,"column":26}},"loc":{"start":{"line":8,"column":45},"end":{"line":27,"column":1}},"line":8}},"branchMap":{"0":{"loc":{"start":{"line":10,"column":4},"end":{"line":12,"column":5}},"type":"if","locations":[{"start":{"line":10,"column":4},"end":{"line":12,"column":5}},{"start":{},"end":{}}],"line":10},"1":{"loc":{"start":{"line":10,"column":8},"end":{"line":10,"column":33}},"type":"binary-expr","locations":[{"start":{"line":10,"column":8},"end":{"line":10,"column":17}},{"start":{"line":10,"column":21},"end":{"line":10,"column":33}}],"line":10},"2":{"loc":{"start":{"line":18,"column":4},"end":{"line":20,"column":5}},"type":"if","locations":[{"start":{"line":18,"column":4},"end":{"line":20,"column":5}},{"start":{},"end":{}}],"line":18}},"s":{"0":5,"1":5,"2":5,"3":5,"4":5,"5":0,"6":0,"7":0,"8":0,"9":0,"10":0,"11":0,"12":0,"13":0,"14":5},"f":{"0":0},"b":{"0":[0,0],"1":[0,0],"2":[0,0]},"_coverageSchema":"1a1c01bbd47fc00a2c39e90264f33305004495a9","hash":"df2204f5a0c04cf8dccc64c9b499047c3b21cdb5"}
,"/app/routes/auth/register.js": {"path":"/app/routes/auth/register.js","statementMap":{"0":{"start":{"line":1,"column":16},"end":{"line":1,"column":34}},"1":{"start":{"line":2,"column":35},"end":{"line":2,"column":63}},"2":{"start":{"line":3,"column":13},"end":{"line":3,"column":41}},"3":{"start":{"line":5,"column":15},"end":{"line":5,"column":31}},"4":{"start":{"line":8,"column":0},"end":{"line":76,"column":2}},"5":{"start":{"line":32,"column":4},"end":{"line":32,"column":60}},"6":{"start":{"line":33,"column":19},"end":{"line":33,"column":40}},"7":{"start":{"line":34,"column":4},"end":{"line":36,"column":5}},"8":{"start":{"line":35,"column":6},"end":{"line":35,"column":62}},"9":{"start":{"line":38,"column":4},"end":{"line":74,"column":5}},"10":{"start":{"line":45,"column":10},"end":{"line":45,"column":18}},"11":{"start":{"line":47,"column":27},"end":{"line":47,"column":56}},"12":{"start":{"line":48,"column":6},"end":{"line":50,"column":7}},"13":{"start":{"line":49,"column":8},"end":{"line":49,"column":71}},"14":{"start":{"line":52,"column":22},"end":{"line":58,"column":8}},"15":{"start":{"line":60,"column":6},"end":{"line":60,"column":27}},"16":{"start":{"line":62,"column":6},"end":{"line":70,"column":9}},"17":{"start":{"line":72,"column":6},"end":{"line":72,"column":25}},"18":{"start":{"line":73,"column":6},"end":{"line":73,"column":58}},"19":{"start":{"line":78,"column":0},"end":{"line":78,"column":24}}},"fnMap":{"0":{"name":"(anonymous_0)","decl":{"start":{"line":31,"column":2},"end":{"line":31,"column":3}},"loc":{"start":{"line":31,"column":22},"end":{"line":75,"column":3}},"line":31}},"branchMap":{"0":{"loc":{"start":{"line":34,"column":4},"end":{"line":36,"column":5}},"type":"if","locations":[{"start":{"line":34,"column":4},"end":{"line":36,"column":5}},{"start":{},"end":{}}],"line":34},"1":{"loc":{"start":{"line":44,"column":8},"end":{"line":44,"column":23}},"type":"default-arg","locations":[{"start":{"line":44,"column":21},"end":{"line":44,"column":23}}],"line":44},"2":{"loc":{"start":{"line":48,"column":6},"end":{"line":50,"column":7}},"type":"if","locations":[{"start":{"line":48,"column":6},"end":{"line":50,"column":7}},{"start":{},"end":{}}],"line":48},"3":{"loc":{"start":{"line":56,"column":20},"end":{"line":56,"column":42}},"type":"binary-expr","locations":[{"start":{"line":56,"column":20},"end":{"line":56,"column":30}},{"start":{"line":56,"column":34},"end":{"line":56,"column":42}}],"line":56},"4":{"loc":{"start":{"line":57,"column":20},"end":{"line":57,"column":65}},"type":"cond-expr","locations":[{"start":{"line":57,"column":43},"end":{"line":57,"column":53}},{"start":{"line":57,"column":56},"end":{"line":57,"column":65}}],"line":57}},"s":{"0":5,"1":5,"2":5,"3":5,"4":5,"5":1,"6":1,"7":1,"8":0,"9":1,"10":1,"11":1,"12":1,"13":0,"14":1,"15":1,"16":1,"17":0,"18":0,"19":5},"f":{"0":1},"b":{"0":[0,1],"1":[1],"2":[0,1],"3":[1,1],"4":[0,1]},"_coverageSchema":"1a1c01bbd47fc00a2c39e90264f33305004495a9","hash":"56e977bab0dff5b49bc75cee6c81a2f5a9ccca67"}
,"/app/utils/jwt.js": {"path":"/app/utils/jwt.js","statementMap":{"0":{"start":{"line":1,"column":12},"end":{"line":1,"column":35}},"1":{"start":{"line":3,"column":0},"end":{"line":5,"column":1}},"2":{"start":{"line":4,"column":2},"end":{"line":4,"column":83}},"3":{"start":{"line":7,"column":19},"end":{"line":7,"column":34}},"4":{"start":{"line":8,"column":23},"end":{"line":8,"column":57}},"5":{"start":{"line":11,"column":22},"end":{"line":26,"column":1}},"6":{"start":{"line":12,"column":14},"end":{"line":12,"column":63}},"7":{"start":{"line":13,"column":14},"end":{"line":13,"column":43}},"8":{"start":{"line":15,"column":18},"end":{"line":20,"column":3}},"9":{"start":{"line":22,"column":2},"end":{"line":25,"column":5}},"10":{"start":{"line":29,"column":20},"end":{"line":31,"column":1}},"11":{"start":{"line":30,"column":2},"end":{"line":30,"column":75}},"12":{"start":{"line":33,"column":0},"end":{"line":33,"column":48}}},"fnMap":{"0":{"name":"(anonymous_0)","decl":{"start":{"line":11,"column":22},"end":{"line":11,"column":23}},"loc":{"start":{"line":11,"column":32},"end":{"line":26,"column":1}},"line":11},"1":{"name":"(anonymous_1)","decl":{"start":{"line":29,"column":20},"end":{"line":29,"column":21}},"loc":{"start":{"line":29,"column":31},"end":{"line":31,"column":1}},"line":29}},"branchMap":{"0":{"loc":{"start":{"line":3,"column":0},"end":{"line":5,"column":1}},"type":"if","locations":[{"start":{"line":3,"column":0},"end":{"line":5,"column":1}},{"start":{},"end":{}}],"line":3},"1":{"loc":{"start":{"line":8,"column":23},"end":{"line":8,"column":57}},"type":"binary-expr","locations":[{"start":{"line":8,"column":23},"end":{"line":8,"column":49}},{"start":{"line":8,"column":53},"end":{"line":8,"column":57}}],"line":8},"2":{"loc":{"start":{"line":12,"column":14},"end":{"line":12,"column":63}},"type":"binary-expr","locations":[{"start":{"line":12,"column":14},"end":{"line":12,"column":18}},{"start":{"line":12,"column":23},"end":{"line":12,"column":31}},{"start":{"line":12,"column":35},"end":{"line":12,"column":42}},{"start":{"line":12,"column":46},"end":{"line":12,"column":54}},{"start":{"line":12,"column":58},"end":{"line":12,"column":62}}],"line":12},"3":{"loc":{"start":{"line":13,"column":14},"end":{"line":13,"column":43}},"type":"cond-expr","locations":[{"start":{"line":13,"column":20},"end":{"line":13,"column":31}},{"start":{"line":13,"column":34},"end":{"line":13,"column":43}}],"line":13},"4":{"loc":{"start":{"line":17,"column":11},"end":{"line":17,"column":29}},"type":"binary-expr","locations":[{"start":{"line":17,"column":11},"end":{"line":17,"column":15}},{"start":{"line":17,"column":19},"end":{"line":17,"column":29}}],"line":17},"5":{"loc":{"start":{"line":19,"column":16},"end":{"line":19,"column":64}},"type":"binary-expr","locations":[{"start":{"line":19,"column":17},"end":{"line":19,"column":21}},{"start":{"line":19,"column":25},"end":{"line":19,"column":40}},{"start":{"line":19,"column":46},"end":{"line":19,"column":50}},{"start":{"line":19,"column":54},"end":{"line":19,"column":63}}],"line":19}},"s":{"0":8,"1":8,"2":0,"3":8,"4":8,"5":8,"6":13,"7":13,"8":13,"9":13,"10":8,"11":5,"12":8},"f":{"0":13,"1":5},"b":{"0":[0,8],"1":[8,4],"2":[13,13,8,0,0],"3":[13,0],"4":[13,13],"5":[13,13,7,7]},"_coverageSchema":"1a1c01bbd47fc00a2c39e90264f33305004495a9","hash":"1ec7cdff99a3a0a9c68c1ffb20362529688cac7a"}
}
