{"/app/controllers/account/account.controller.js": {"path":"/app/controllers/account/account.controller.js","statementMap":{"0":{"start":{"line":1,"column":15},"end":{"line":1,"column":34}},"1":{"start":{"line":2,"column":17},"end":{"line":2,"column":45}},"2":{"start":{"line":3,"column":26},"end":{"line":3,"column":52}},"3":{"start":{"line":4,"column":19},"end":{"line":4,"column":53}},"4":{"start":{"line":9,"column":4},"end":{"line":9,"column":37}},"5":{"start":{"line":14,"column":19},"end":{"line":66,"column":1}},"6":{"start":{"line":15,"column":2},"end":{"line":65,"column":3}},"7":{"start":{"line":16,"column":19},"end":{"line":16,"column":30}},"8":{"start":{"line":17,"column":21},"end":{"line":17,"column":29}},"9":{"start":{"line":19,"column":4},"end":{"line":21,"column":5}},"10":{"start":{"line":20,"column":6},"end":{"line":20,"column":64}},"11":{"start":{"line":23,"column":17},"end":{"line":23,"column":48}},"12":{"start":{"line":24,"column":4},"end":{"line":26,"column":5}},"13":{"start":{"line":25,"column":6},"end":{"line":25,"column":74}},"14":{"start":{"line":29,"column":4},"end":{"line":36,"column":5}},"15":{"start":{"line":30,"column":6},"end":{"line":35,"column":8}},"16":{"start":{"line":38,"column":4},"end":{"line":38,"column":27}},"17":{"start":{"line":39,"column":4},"end":{"line":39,"column":22}},"18":{"start":{"line":41,"column":18},"end":{"line":45,"column":6}},"19":{"start":{"line":47,"column":4},"end":{"line":61,"column":7}},"20":{"start":{"line":63,"column":4},"end":{"line":63,"column":45}},"21":{"start":{"line":64,"column":4},"end":{"line":64,"column":56}},"22":{"start":{"line":71,"column":22},"end":{"line":150,"column":1}},"23":{"start":{"line":72,"column":2},"end":{"line":149,"column":3}},"24":{"start":{"line":73,"column":19},"end":{"line":73,"column":30}},"25":{"start":{"line":74,"column":45},"end":{"line":74,"column":53}},"26":{"start":{"line":76,"column":17},"end":{"line":76,"column":48}},"27":{"start":{"line":77,"column":4},"end":{"line":79,"column":5}},"28":{"start":{"line":78,"column":6},"end":{"line":78,"column":74}},"29":{"start":{"line":82,"column":4},"end":{"line":92,"column":5}},"30":{"start":{"line":83,"column":6},"end":{"line":91,"column":9}},"31":{"start":{"line":94,"column":4},"end":{"line":98,"column":5}},"32":{"start":{"line":95,"column":6},"end":{"line":97,"column":9}},"33":{"start":{"line":100,"column":23},"end":{"line":100,"column":57}},"34":{"start":{"line":101,"column":4},"end":{"line":105,"column":5}},"35":{"start":{"line":102,"column":6},"end":{"line":104,"column":9}},"36":{"start":{"line":108,"column":4},"end":{"line":115,"column":5}},"37":{"start":{"line":109,"column":6},"end":{"line":114,"column":8}},"38":{"start":{"line":117,"column":4},"end":{"line":117,"column":45}},"39":{"start":{"line":117,"column":28},"end":{"line":117,"column":45}},"40":{"start":{"line":118,"column":4},"end":{"line":118,"column":55}},"41":{"start":{"line":118,"column":29},"end":{"line":118,"column":55}},"42":{"start":{"line":119,"column":4},"end":{"line":119,"column":67}},"43":{"start":{"line":119,"column":29},"end":{"line":119,"column":67}},"44":{"start":{"line":121,"column":4},"end":{"line":131,"column":5}},"45":{"start":{"line":122,"column":62},"end":{"line":122,"column":70}},"46":{"start":{"line":124,"column":6},"end":{"line":130,"column":8}},"47":{"start":{"line":133,"column":4},"end":{"line":133,"column":22}},"48":{"start":{"line":135,"column":4},"end":{"line":145,"column":7}},"49":{"start":{"line":147,"column":4},"end":{"line":147,"column":23}},"50":{"start":{"line":148,"column":4},"end":{"line":148,"column":56}},"51":{"start":{"line":155,"column":25},"end":{"line":312,"column":1}},"52":{"start":{"line":156,"column":2},"end":{"line":311,"column":3}},"53":{"start":{"line":157,"column":19},"end":{"line":157,"column":30}},"54":{"start":{"line":167,"column":8},"end":{"line":167,"column":16}},"55":{"start":{"line":169,"column":17},"end":{"line":169,"column":48}},"56":{"start":{"line":170,"column":4},"end":{"line":172,"column":5}},"57":{"start":{"line":171,"column":6},"end":{"line":171,"column":74}},"58":{"start":{"line":174,"column":4},"end":{"line":176,"column":5}},"59":{"start":{"line":175,"column":6},"end":{"line":175,"column":27}},"60":{"start":{"line":179,"column":4},"end":{"line":189,"column":5}},"61":{"start":{"line":180,"column":6},"end":{"line":188,"column":9}},"62":{"start":{"line":191,"column":4},"end":{"line":200,"column":5}},"63":{"start":{"line":192,"column":6},"end":{"line":199,"column":9}},"64":{"start":{"line":202,"column":4},"end":{"line":211,"column":5}},"65":{"start":{"line":203,"column":6},"end":{"line":210,"column":9}},"66":{"start":{"line":213,"column":4},"end":{"line":226,"column":5}},"67":{"start":{"line":217,"column":6},"end":{"line":225,"column":9}},"68":{"start":{"line":228,"column":4},"end":{"line":240,"column":5}},"69":{"start":{"line":229,"column":6},"end":{"line":239,"column":7}},"70":{"start":{"line":230,"column":8},"end":{"line":238,"column":11}},"71":{"start":{"line":242,"column":4},"end":{"line":256,"column":5}},"72":{"start":{"line":243,"column":24},"end":{"line":243,"column":76}},"73":{"start":{"line":244,"column":26},"end":{"line":244,"column":79}},"74":{"start":{"line":245,"column":22},"end":{"line":245,"column":71}},"75":{"start":{"line":245,"column":48},"end":{"line":245,"column":70}},"76":{"start":{"line":246,"column":6},"end":{"line":255,"column":7}},"77":{"start":{"line":247,"column":8},"end":{"line":254,"column":11}},"78":{"start":{"line":259,"column":4},"end":{"line":261,"column":5}},"79":{"start":{"line":260,"column":6},"end":{"line":260,"column":80}},"80":{"start":{"line":262,"column":4},"end":{"line":262,"column":59}},"81":{"start":{"line":262,"column":29},"end":{"line":262,"column":59}},"82":{"start":{"line":263,"column":4},"end":{"line":263,"column":74}},"83":{"start":{"line":263,"column":34},"end":{"line":263,"column":74}},"84":{"start":{"line":264,"column":4},"end":{"line":264,"column":62}},"85":{"start":{"line":264,"column":30},"end":{"line":264,"column":62}},"86":{"start":{"line":265,"column":4},"end":{"line":266,"column":50}},"87":{"start":{"line":266,"column":6},"end":{"line":266,"column":50}},"88":{"start":{"line":267,"column":4},"end":{"line":267,"column":69}},"89":{"start":{"line":267,"column":33},"end":{"line":267,"column":69}},"90":{"start":{"line":268,"column":4},"end":{"line":272,"column":5}},"91":{"start":{"line":269,"column":6},"end":{"line":269,"column":46}},"92":{"start":{"line":270,"column":11},"end":{"line":272,"column":5}},"93":{"start":{"line":271,"column":6},"end":{"line":271,"column":48}},"94":{"start":{"line":274,"column":4},"end":{"line":283,"column":5}},"95":{"start":{"line":275,"column":69},"end":{"line":275,"column":77}},"96":{"start":{"line":276,"column":6},"end":{"line":282,"column":8}},"97":{"start":{"line":285,"column":4},"end":{"line":285,"column":22}},"98":{"start":{"line":286,"column":4},"end":{"line":286,"column":28}},"99":{"start":{"line":288,"column":4},"end":{"line":288,"column":22}},"100":{"start":{"line":290,"column":18},"end":{"line":294,"column":6}},"101":{"start":{"line":296,"column":4},"end":{"line":307,"column":7}},"102":{"start":{"line":309,"column":4},"end":{"line":309,"column":54}},"103":{"start":{"line":310,"column":4},"end":{"line":310,"column":56}},"104":{"start":{"line":317,"column":29},"end":{"line":359,"column":1}},"105":{"start":{"line":318,"column":2},"end":{"line":358,"column":3}},"106":{"start":{"line":319,"column":4},"end":{"line":321,"column":5}},"107":{"start":{"line":320,"column":6},"end":{"line":320,"column":71}},"108":{"start":{"line":323,"column":19},"end":{"line":323,"column":30}},"109":{"start":{"line":324,"column":17},"end":{"line":324,"column":48}},"110":{"start":{"line":326,"column":4},"end":{"line":328,"column":5}},"111":{"start":{"line":327,"column":6},"end":{"line":327,"column":74}},"112":{"start":{"line":330,"column":4},"end":{"line":332,"column":5}},"113":{"start":{"line":331,"column":6},"end":{"line":331,"column":27}},"114":{"start":{"line":334,"column":25},"end":{"line":352,"column":5}},"115":{"start":{"line":337,"column":8},"end":{"line":342,"column":9}},"116":{"start":{"line":338,"column":10},"end":{"line":338,"column":53}},"117":{"start":{"line":339,"column":10},"end":{"line":341,"column":65}},"118":{"start":{"line":344,"column":8},"end":{"line":344,"column":56}},"119":{"start":{"line":345,"column":8},"end":{"line":345,"column":26}},"120":{"start":{"line":347,"column":8},"end":{"line":350,"column":11}},"121":{"start":{"line":354,"column":4},"end":{"line":354,"column":38}},"122":{"start":{"line":356,"column":4},"end":{"line":356,"column":23}},"123":{"start":{"line":357,"column":4},"end":{"line":357,"column":56}},"124":{"start":{"line":364,"column":23},"end":{"line":414,"column":1}},"125":{"start":{"line":365,"column":2},"end":{"line":413,"column":3}},"126":{"start":{"line":366,"column":19},"end":{"line":366,"column":30}},"127":{"start":{"line":367,"column":45},"end":{"line":367,"column":53}},"128":{"start":{"line":369,"column":4},"end":{"line":373,"column":5}},"129":{"start":{"line":370,"column":6},"end":{"line":372,"column":9}},"130":{"start":{"line":375,"column":4},"end":{"line":385,"column":5}},"131":{"start":{"line":376,"column":6},"end":{"line":384,"column":9}},"132":{"start":{"line":387,"column":17},"end":{"line":387,"column":68}},"133":{"start":{"line":388,"column":4},"end":{"line":392,"column":5}},"134":{"start":{"line":389,"column":6},"end":{"line":391,"column":9}},"135":{"start":{"line":394,"column":20},"end":{"line":394,"column":72}},"136":{"start":{"line":395,"column":4},"end":{"line":404,"column":5}},"137":{"start":{"line":396,"column":6},"end":{"line":403,"column":9}},"138":{"start":{"line":406,"column":4},"end":{"line":406,"column":32}},"139":{"start":{"line":407,"column":4},"end":{"line":407,"column":22}},"140":{"start":{"line":409,"column":4},"end":{"line":409,"column":66}},"141":{"start":{"line":411,"column":4},"end":{"line":411,"column":59}},"142":{"start":{"line":412,"column":4},"end":{"line":412,"column":57}},"143":{"start":{"line":419,"column":22},"end":{"line":435,"column":1}},"144":{"start":{"line":420,"column":2},"end":{"line":434,"column":3}},"145":{"start":{"line":421,"column":19},"end":{"line":421,"column":30}},"146":{"start":{"line":422,"column":17},"end":{"line":422,"column":48}},"147":{"start":{"line":424,"column":4},"end":{"line":426,"column":5}},"148":{"start":{"line":425,"column":6},"end":{"line":425,"column":75}},"149":{"start":{"line":428,"column":4},"end":{"line":428,"column":45}},"150":{"start":{"line":430,"column":4},"end":{"line":430,"column":58}},"151":{"start":{"line":432,"column":4},"end":{"line":432,"column":57}},"152":{"start":{"line":433,"column":4},"end":{"line":433,"column":57}},"153":{"start":{"line":437,"column":0},"end":{"line":444,"column":2}}},"fnMap":{"0":{"name":"(anonymous_0)","decl":{"start":{"line":14,"column":19},"end":{"line":14,"column":20}},"loc":{"start":{"line":14,"column":39},"end":{"line":66,"column":1}},"line":14},"1":{"name":"(anonymous_1)","decl":{"start":{"line":71,"column":22},"end":{"line":71,"column":23}},"loc":{"start":{"line":71,"column":42},"end":{"line":150,"column":1}},"line":71},"2":{"name":"(anonymous_2)","decl":{"start":{"line":155,"column":25},"end":{"line":155,"column":26}},"loc":{"start":{"line":155,"column":45},"end":{"line":312,"column":1}},"line":155},"3":{"name":"(anonymous_3)","decl":{"start":{"line":245,"column":41},"end":{"line":245,"column":42}},"loc":{"start":{"line":245,"column":48},"end":{"line":245,"column":70}},"line":245},"4":{"name":"(anonymous_4)","decl":{"start":{"line":317,"column":29},"end":{"line":317,"column":30}},"loc":{"start":{"line":317,"column":49},"end":{"line":359,"column":1}},"line":317},"5":{"name":"(anonymous_5)","decl":{"start":{"line":336,"column":6},"end":{"line":336,"column":7}},"loc":{"start":{"line":336,"column":31},"end":{"line":351,"column":7}},"line":336},"6":{"name":"(anonymous_6)","decl":{"start":{"line":364,"column":23},"end":{"line":364,"column":24}},"loc":{"start":{"line":364,"column":43},"end":{"line":414,"column":1}},"line":364},"7":{"name":"(anonymous_7)","decl":{"start":{"line":419,"column":22},"end":{"line":419,"column":23}},"loc":{"start":{"line":419,"column":42},"end":{"line":435,"column":1}},"line":419}},"branchMap":{"0":{"loc":{"start":{"line":19,"column":4},"end":{"line":21,"column":5}},"type":"if","locations":[{"start":{"line":19,"column":4},"end":{"line":21,"column":5}},{"start":{},"end":{}}],"line":19},"1":{"loc":{"start":{"line":24,"column":4},"end":{"line":26,"column":5}},"type":"if","locations":[{"start":{"line":24,"column":4},"end":{"line":26,"column":5}},{"start":{},"end":{}}],"line":24},"2":{"loc":{"start":{"line":29,"column":4},"end":{"line":36,"column":5}},"type":"if","locations":[{"start":{"line":29,"column":4},"end":{"line":36,"column":5}},{"start":{},"end":{}}],"line":29},"3":{"loc":{"start":{"line":29,"column":8},"end":{"line":29,"column":73}},"type":"binary-expr","locations":[{"start":{"line":29,"column":8},"end":{"line":29,"column":41}},{"start":{"line":29,"column":45},"end":{"line":29,"column":73}}],"line":29},"4":{"loc":{"start":{"line":57,"column":20},"end":{"line":57,"column":43}},"type":"binary-expr","locations":[{"start":{"line":57,"column":20},"end":{"line":57,"column":35}},{"start":{"line":57,"column":39},"end":{"line":57,"column":43}}],"line":57},"5":{"loc":{"start":{"line":77,"column":4},"end":{"line":79,"column":5}},"type":"if","locations":[{"start":{"line":77,"column":4},"end":{"line":79,"column":5}},{"start":{},"end":{}}],"line":77},"6":{"loc":{"start":{"line":82,"column":4},"end":{"line":92,"column":5}},"type":"if","locations":[{"start":{"line":82,"column":4},"end":{"line":92,"column":5}},{"start":{},"end":{}}],"line":82},"7":{"loc":{"start":{"line":82,"column":8},"end":{"line":82,"column":35}},"type":"binary-expr","locations":[{"start":{"line":82,"column":8},"end":{"line":82,"column":12}},{"start":{"line":82,"column":16},"end":{"line":82,"column":35}}],"line":82},"8":{"loc":{"start":{"line":94,"column":4},"end":{"line":98,"column":5}},"type":"if","locations":[{"start":{"line":94,"column":4},"end":{"line":98,"column":5}},{"start":{},"end":{}}],"line":94},"9":{"loc":{"start":{"line":94,"column":8},"end":{"line":94,"column":38}},"type":"binary-expr","locations":[{"start":{"line":94,"column":8},"end":{"line":94,"column":13}},{"start":{"line":94,"column":17},"end":{"line":94,"column":38}}],"line":94},"10":{"loc":{"start":{"line":101,"column":4},"end":{"line":105,"column":5}},"type":"if","locations":[{"start":{"line":101,"column":4},"end":{"line":105,"column":5}},{"start":{},"end":{}}],"line":101},"11":{"loc":{"start":{"line":101,"column":8},"end":{"line":101,"column":59}},"type":"binary-expr","locations":[{"start":{"line":101,"column":8},"end":{"line":101,"column":13}},{"start":{"line":101,"column":17},"end":{"line":101,"column":59}}],"line":101},"12":{"loc":{"start":{"line":108,"column":4},"end":{"line":115,"column":5}},"type":"if","locations":[{"start":{"line":108,"column":4},"end":{"line":115,"column":5}},{"start":{},"end":{}}],"line":108},"13":{"loc":{"start":{"line":108,"column":8},"end":{"line":108,"column":73}},"type":"binary-expr","locations":[{"start":{"line":108,"column":8},"end":{"line":108,"column":41}},{"start":{"line":108,"column":45},"end":{"line":108,"column":73}}],"line":108},"14":{"loc":{"start":{"line":117,"column":4},"end":{"line":117,"column":45}},"type":"if","locations":[{"start":{"line":117,"column":4},"end":{"line":117,"column":45}},{"start":{},"end":{}}],"line":117},"15":{"loc":{"start":{"line":118,"column":4},"end":{"line":118,"column":55}},"type":"if","locations":[{"start":{"line":118,"column":4},"end":{"line":118,"column":55}},{"start":{},"end":{}}],"line":118},"16":{"loc":{"start":{"line":119,"column":4},"end":{"line":119,"column":67}},"type":"if","locations":[{"start":{"line":119,"column":4},"end":{"line":119,"column":67}},{"start":{},"end":{}}],"line":119},"17":{"loc":{"start":{"line":121,"column":4},"end":{"line":131,"column":5}},"type":"if","locations":[{"start":{"line":121,"column":4},"end":{"line":131,"column":5}},{"start":{},"end":{}}],"line":121},"18":{"loc":{"start":{"line":125,"column":14},"end":{"line":125,"column":59}},"type":"binary-expr","locations":[{"start":{"line":125,"column":14},"end":{"line":125,"column":18}},{"start":{"line":125,"column":22},"end":{"line":125,"column":53}},{"start":{"line":125,"column":57},"end":{"line":125,"column":59}}],"line":125},"19":{"loc":{"start":{"line":126,"column":17},"end":{"line":126,"column":68}},"type":"binary-expr","locations":[{"start":{"line":126,"column":17},"end":{"line":126,"column":24}},{"start":{"line":126,"column":28},"end":{"line":126,"column":62}},{"start":{"line":126,"column":66},"end":{"line":126,"column":68}}],"line":126},"20":{"loc":{"start":{"line":127,"column":17},"end":{"line":127,"column":68}},"type":"binary-expr","locations":[{"start":{"line":127,"column":17},"end":{"line":127,"column":24}},{"start":{"line":127,"column":28},"end":{"line":127,"column":62}},{"start":{"line":127,"column":66},"end":{"line":127,"column":68}}],"line":127},"21":{"loc":{"start":{"line":128,"column":18},"end":{"line":128,"column":73}},"type":"binary-expr","locations":[{"start":{"line":128,"column":18},"end":{"line":128,"column":26}},{"start":{"line":128,"column":30},"end":{"line":128,"column":65}},{"start":{"line":128,"column":69},"end":{"line":128,"column":73}}],"line":128},"22":{"loc":{"start":{"line":129,"column":19},"end":{"line":129,"column":76}},"type":"binary-expr","locations":[{"start":{"line":129,"column":19},"end":{"line":129,"column":28}},{"start":{"line":129,"column":32},"end":{"line":129,"column":68}},{"start":{"line":129,"column":72},"end":{"line":129,"column":76}}],"line":129},"23":{"loc":{"start":{"line":170,"column":4},"end":{"line":172,"column":5}},"type":"if","locations":[{"start":{"line":170,"column":4},"end":{"line":172,"column":5}},{"start":{},"end":{}}],"line":170},"24":{"loc":{"start":{"line":174,"column":4},"end":{"line":176,"column":5}},"type":"if","locations":[{"start":{"line":174,"column":4},"end":{"line":176,"column":5}},{"start":{},"end":{}}],"line":174},"25":{"loc":{"start":{"line":179,"column":4},"end":{"line":189,"column":5}},"type":"if","locations":[{"start":{"line":179,"column":4},"end":{"line":189,"column":5}},{"start":{},"end":{}}],"line":179},"26":{"loc":{"start":{"line":179,"column":8},"end":{"line":179,"column":51}},"type":"binary-expr","locations":[{"start":{"line":179,"column":8},"end":{"line":179,"column":20}},{"start":{"line":179,"column":24},"end":{"line":179,"column":51}}],"line":179},"27":{"loc":{"start":{"line":191,"column":4},"end":{"line":200,"column":5}},"type":"if","locations":[{"start":{"line":191,"column":4},"end":{"line":200,"column":5}},{"start":{},"end":{}}],"line":191},"28":{"loc":{"start":{"line":191,"column":8},"end":{"line":191,"column":40}},"type":"binary-expr","locations":[{"start":{"line":191,"column":8},"end":{"line":191,"column":13}},{"start":{"line":191,"column":17},"end":{"line":191,"column":40}}],"line":191},"29":{"loc":{"start":{"line":202,"column":4},"end":{"line":211,"column":5}},"type":"if","locations":[{"start":{"line":202,"column":4},"end":{"line":211,"column":5}},{"start":{},"end":{}}],"line":202},"30":{"loc":{"start":{"line":202,"column":8},"end":{"line":202,"column":58}},"type":"binary-expr","locations":[{"start":{"line":202,"column":8},"end":{"line":202,"column":14}},{"start":{"line":202,"column":18},"end":{"line":202,"column":58}}],"line":202},"31":{"loc":{"start":{"line":213,"column":4},"end":{"line":226,"column":5}},"type":"if","locations":[{"start":{"line":213,"column":4},"end":{"line":226,"column":5}},{"start":{},"end":{}}],"line":213},"32":{"loc":{"start":{"line":214,"column":6},"end":{"line":215,"column":65}},"type":"binary-expr","locations":[{"start":{"line":214,"column":6},"end":{"line":214,"column":16}},{"start":{"line":215,"column":6},"end":{"line":215,"column":65}}],"line":214},"33":{"loc":{"start":{"line":228,"column":4},"end":{"line":240,"column":5}},"type":"if","locations":[{"start":{"line":228,"column":4},"end":{"line":240,"column":5}},{"start":{},"end":{}}],"line":228},"34":{"loc":{"start":{"line":229,"column":6},"end":{"line":239,"column":7}},"type":"if","locations":[{"start":{"line":229,"column":6},"end":{"line":239,"column":7}},{"start":{},"end":{}}],"line":229},"35":{"loc":{"start":{"line":229,"column":10},"end":{"line":229,"column":45}},"type":"binary-expr","locations":[{"start":{"line":229,"column":10},"end":{"line":229,"column":24}},{"start":{"line":229,"column":28},"end":{"line":229,"column":45}}],"line":229},"36":{"loc":{"start":{"line":242,"column":4},"end":{"line":256,"column":5}},"type":"if","locations":[{"start":{"line":242,"column":4},"end":{"line":256,"column":5}},{"start":{},"end":{}}],"line":242},"37":{"loc":{"start":{"line":244,"column":26},"end":{"line":244,"column":79}},"type":"cond-expr","locations":[{"start":{"line":244,"column":54},"end":{"line":244,"column":64}},{"start":{"line":244,"column":67},"end":{"line":244,"column":79}}],"line":244},"38":{"loc":{"start":{"line":246,"column":6},"end":{"line":255,"column":7}},"type":"if","locations":[{"start":{"line":246,"column":6},"end":{"line":255,"column":7}},{"start":{},"end":{}}],"line":246},"39":{"loc":{"start":{"line":259,"column":4},"end":{"line":261,"column":5}},"type":"if","locations":[{"start":{"line":259,"column":4},"end":{"line":261,"column":5}},{"start":{},"end":{}}],"line":259},"40":{"loc":{"start":{"line":262,"column":4},"end":{"line":262,"column":59}},"type":"if","locations":[{"start":{"line":262,"column":4},"end":{"line":262,"column":59}},{"start":{},"end":{}}],"line":262},"41":{"loc":{"start":{"line":263,"column":4},"end":{"line":263,"column":74}},"type":"if","locations":[{"start":{"line":263,"column":4},"end":{"line":263,"column":74}},{"start":{},"end":{}}],"line":263},"42":{"loc":{"start":{"line":264,"column":4},"end":{"line":264,"column":62}},"type":"if","locations":[{"start":{"line":264,"column":4},"end":{"line":264,"column":62}},{"start":{},"end":{}}],"line":264},"43":{"loc":{"start":{"line":265,"column":4},"end":{"line":266,"column":50}},"type":"if","locations":[{"start":{"line":265,"column":4},"end":{"line":266,"column":50}},{"start":{},"end":{}}],"line":265},"44":{"loc":{"start":{"line":267,"column":4},"end":{"line":267,"column":69}},"type":"if","locations":[{"start":{"line":267,"column":4},"end":{"line":267,"column":69}},{"start":{},"end":{}}],"line":267},"45":{"loc":{"start":{"line":268,"column":4},"end":{"line":272,"column":5}},"type":"if","locations":[{"start":{"line":268,"column":4},"end":{"line":272,"column":5}},{"start":{"line":270,"column":11},"end":{"line":272,"column":5}}],"line":268},"46":{"loc":{"start":{"line":270,"column":11},"end":{"line":272,"column":5}},"type":"if","locations":[{"start":{"line":270,"column":11},"end":{"line":272,"column":5}},{"start":{},"end":{}}],"line":270},"47":{"loc":{"start":{"line":270,"column":15},"end":{"line":270,"column":70}},"type":"binary-expr","locations":[{"start":{"line":270,"column":15},"end":{"line":270,"column":45}},{"start":{"line":270,"column":49},"end":{"line":270,"column":70}}],"line":270},"48":{"loc":{"start":{"line":274,"column":4},"end":{"line":283,"column":5}},"type":"if","locations":[{"start":{"line":274,"column":4},"end":{"line":283,"column":5}},{"start":{},"end":{}}],"line":274},"49":{"loc":{"start":{"line":277,"column":17},"end":{"line":277,"column":77}},"type":"binary-expr","locations":[{"start":{"line":277,"column":17},"end":{"line":277,"column":24}},{"start":{"line":277,"column":28},"end":{"line":277,"column":33}},{"start":{"line":277,"column":37},"end":{"line":277,"column":71}},{"start":{"line":277,"column":75},"end":{"line":277,"column":77}}],"line":277},"50":{"loc":{"start":{"line":278,"column":14},"end":{"line":278,"column":59}},"type":"binary-expr","locations":[{"start":{"line":278,"column":14},"end":{"line":278,"column":18}},{"start":{"line":278,"column":22},"end":{"line":278,"column":53}},{"start":{"line":278,"column":57},"end":{"line":278,"column":59}}],"line":278},"51":{"loc":{"start":{"line":279,"column":17},"end":{"line":279,"column":74}},"type":"binary-expr","locations":[{"start":{"line":279,"column":17},"end":{"line":279,"column":24}},{"start":{"line":279,"column":28},"end":{"line":279,"column":62}},{"start":{"line":279,"column":66},"end":{"line":279,"column":74}}],"line":279},"52":{"loc":{"start":{"line":280,"column":18},"end":{"line":280,"column":73}},"type":"binary-expr","locations":[{"start":{"line":280,"column":18},"end":{"line":280,"column":26}},{"start":{"line":280,"column":30},"end":{"line":280,"column":65}},{"start":{"line":280,"column":69},"end":{"line":280,"column":73}}],"line":280},"53":{"loc":{"start":{"line":281,"column":19},"end":{"line":281,"column":76}},"type":"binary-expr","locations":[{"start":{"line":281,"column":19},"end":{"line":281,"column":28}},{"start":{"line":281,"column":32},"end":{"line":281,"column":68}},{"start":{"line":281,"column":72},"end":{"line":281,"column":76}}],"line":281},"54":{"loc":{"start":{"line":319,"column":4},"end":{"line":321,"column":5}},"type":"if","locations":[{"start":{"line":319,"column":4},"end":{"line":321,"column":5}},{"start":{},"end":{}}],"line":319},"55":{"loc":{"start":{"line":326,"column":4},"end":{"line":328,"column":5}},"type":"if","locations":[{"start":{"line":326,"column":4},"end":{"line":328,"column":5}},{"start":{},"end":{}}],"line":326},"56":{"loc":{"start":{"line":330,"column":4},"end":{"line":332,"column":5}},"type":"if","locations":[{"start":{"line":330,"column":4},"end":{"line":332,"column":5}},{"start":{},"end":{}}],"line":330},"57":{"loc":{"start":{"line":337,"column":8},"end":{"line":342,"column":9}},"type":"if","locations":[{"start":{"line":337,"column":8},"end":{"line":342,"column":9}},{"start":{},"end":{}}],"line":337},"58":{"loc":{"start":{"line":369,"column":4},"end":{"line":373,"column":5}},"type":"if","locations":[{"start":{"line":369,"column":4},"end":{"line":373,"column":5}},{"start":{},"end":{}}],"line":369},"59":{"loc":{"start":{"line":369,"column":8},"end":{"line":369,"column":40}},"type":"binary-expr","locations":[{"start":{"line":369,"column":8},"end":{"line":369,"column":24}},{"start":{"line":369,"column":28},"end":{"line":369,"column":40}}],"line":369},"60":{"loc":{"start":{"line":375,"column":4},"end":{"line":385,"column":5}},"type":"if","locations":[{"start":{"line":375,"column":4},"end":{"line":385,"column":5}},{"start":{},"end":{}}],"line":375},"61":{"loc":{"start":{"line":388,"column":4},"end":{"line":392,"column":5}},"type":"if","locations":[{"start":{"line":388,"column":4},"end":{"line":392,"column":5}},{"start":{},"end":{}}],"line":388},"62":{"loc":{"start":{"line":395,"column":4},"end":{"line":404,"column":5}},"type":"if","locations":[{"start":{"line":395,"column":4},"end":{"line":404,"column":5}},{"start":{},"end":{}}],"line":395},"63":{"loc":{"start":{"line":424,"column":4},"end":{"line":426,"column":5}},"type":"if","locations":[{"start":{"line":424,"column":4},"end":{"line":426,"column":5}},{"start":{},"end":{}}],"line":424}},"s":{"0":15,"1":15,"2":15,"3":15,"4":15,"5":15,"6":5,"7":5,"8":5,"9":5,"10":1,"11":4,"12":3,"13":1,"14":2,"15":0,"16":2,"17":2,"18":2,"19":2,"20":1,"21":1,"22":15,"23":7,"24":7,"25":7,"26":7,"27":6,"28":1,"29":5,"30":1,"31":4,"32":1,"33":3,"34":3,"35":1,"36":2,"37":0,"38":2,"39":1,"40":2,"41":1,"42":2,"43":1,"44":2,"45":1,"46":1,"47":2,"48":2,"49":1,"50":1,"51":15,"52":9,"53":9,"54":9,"55":9,"56":8,"57":2,"58":6,"59":0,"60":6,"61":0,"62":6,"63":1,"64":5,"65":1,"66":4,"67":1,"68":3,"69":2,"70":1,"71":2,"72":2,"73":2,"74":2,"75":3,"76":2,"77":1,"78":1,"79":1,"80":1,"81":1,"82":1,"83":1,"84":1,"85":1,"86":1,"87":0,"88":1,"89":0,"90":1,"91":1,"92":0,"93":0,"94":1,"95":1,"96":1,"97":1,"98":1,"99":1,"100":1,"101":1,"102":1,"103":1,"104":15,"105":2,"106":2,"107":1,"108":1,"109":1,"110":1,"111":1,"112":0,"113":0,"114":0,"115":0,"116":0,"117":0,"118":0,"119":0,"120":0,"121":0,"122":0,"123":0,"124":15,"125":5,"126":5,"127":5,"128":5,"129":1,"130":4,"131":1,"132":3,"133":3,"134":1,"135":2,"136":2,"137":1,"138":1,"139":1,"140":1,"141":0,"142":0,"143":15,"144":3,"145":3,"146":3,"147":2,"148":1,"149":1,"150":1,"151":1,"152":1,"153":15},"f":{"0":5,"1":7,"2":9,"3":3,"4":2,"5":0,"6":5,"7":3},"b":{"0":[1,4],"1":[1,2],"2":[0,2],"3":[2,2],"4":[2,0],"5":[1,5],"6":[1,4],"7":[5,2],"8":[1,3],"9":[4,2],"10":[1,2],"11":[3,2],"12":[0,2],"13":[2,2],"14":[1,1],"15":[1,1],"16":[1,1],"17":[1,1],"18":[1,0,0],"19":[1,0,0],"20":[1,1,0],"21":[1,0,0],"22":[1,0,0],"23":[2,6],"24":[0,6],"25":[0,6],"26":[6,1],"27":[1,5],"28":[6,2],"29":[1,4],"30":[5,2],"31":[1,3],"32":[4,2],"33":[2,1],"34":[1,1],"35":[2,1],"36":[2,0],"37":[2,0],"38":[1,1],"39":[1,0],"40":[1,0],"41":[1,0],"42":[1,0],"43":[0,1],"44":[0,1],"45":[1,0],"46":[0,0],"47":[0,0],"48":[1,0],"49":[1,1,1,1],"50":[1,0,0],"51":[1,0,0],"52":[1,0,0],"53":[1,0,0],"54":[1,1],"55":[1,0],"56":[0,0],"57":[0,0],"58":[1,4],"59":[5,5],"60":[1,3],"61":[1,2],"62":[1,1],"63":[1,1]},"_coverageSchema":"1a1c01bbd47fc00a2c39e90264f33305004495a9","hash":"cfc8ef09ca17abee30909f8b2a10f6237657ca67"}
,"/app/controllers/pro/availability.controller.js": {"path":"/app/controllers/pro/availability.controller.js","statementMap":{"0":{"start":{"line":1,"column":19},"end":{"line":1,"column":53}},"1":{"start":{"line":4,"column":0},"end":{"line":40,"column":2}},"2":{"start":{"line":5,"column":2},"end":{"line":39,"column":3}},"3":{"start":{"line":6,"column":18},"end":{"line":6,"column":29}},"4":{"start":{"line":7,"column":25},"end":{"line":7,"column":33}},"5":{"start":{"line":9,"column":4},"end":{"line":13,"column":5}},"6":{"start":{"line":10,"column":6},"end":{"line":12,"column":9}},"7":{"start":{"line":16,"column":18},"end":{"line":18,"column":5}},"8":{"start":{"line":17,"column":16},"end":{"line":17,"column":73}},"9":{"start":{"line":19,"column":4},"end":{"line":24,"column":5}},"10":{"start":{"line":20,"column":6},"end":{"line":23,"column":9}},"11":{"start":{"line":26,"column":17},"end":{"line":30,"column":5}},"12":{"start":{"line":32,"column":4},"end":{"line":35,"column":7}},"13":{"start":{"line":37,"column":4},"end":{"line":37,"column":53}},"14":{"start":{"line":38,"column":4},"end":{"line":38,"column":63}},"15":{"start":{"line":44,"column":0},"end":{"line":55,"column":2}},"16":{"start":{"line":45,"column":2},"end":{"line":54,"column":3}},"17":{"start":{"line":46,"column":18},"end":{"line":46,"column":29}},"18":{"start":{"line":47,"column":17},"end":{"line":47,"column":52}},"19":{"start":{"line":50,"column":4},"end":{"line":50,"column":46}},"20":{"start":{"line":52,"column":4},"end":{"line":52,"column":50}},"21":{"start":{"line":53,"column":4},"end":{"line":53,"column":63}}},"fnMap":{"0":{"name":"(anonymous_0)","decl":{"start":{"line":4,"column":29},"end":{"line":4,"column":30}},"loc":{"start":{"line":4,"column":49},"end":{"line":40,"column":1}},"line":4},"1":{"name":"(anonymous_1)","decl":{"start":{"line":17,"column":6},"end":{"line":17,"column":7}},"loc":{"start":{"line":17,"column":16},"end":{"line":17,"column":73}},"line":17},"2":{"name":"(anonymous_2)","decl":{"start":{"line":44,"column":26},"end":{"line":44,"column":27}},"loc":{"start":{"line":44,"column":46},"end":{"line":55,"column":1}},"line":44}},"branchMap":{"0":{"loc":{"start":{"line":9,"column":4},"end":{"line":13,"column":5}},"type":"if","locations":[{"start":{"line":9,"column":4},"end":{"line":13,"column":5}},{"start":{},"end":{}}],"line":9},"1":{"loc":{"start":{"line":9,"column":8},"end":{"line":9,"column":53}},"type":"binary-expr","locations":[{"start":{"line":9,"column":8},"end":{"line":9,"column":21}},{"start":{"line":9,"column":25},"end":{"line":9,"column":53}}],"line":9},"2":{"loc":{"start":{"line":17,"column":16},"end":{"line":17,"column":73}},"type":"binary-expr","locations":[{"start":{"line":17,"column":16},"end":{"line":17,"column":44}},{"start":{"line":17,"column":48},"end":{"line":17,"column":73}}],"line":17},"3":{"loc":{"start":{"line":19,"column":4},"end":{"line":24,"column":5}},"type":"if","locations":[{"start":{"line":19,"column":4},"end":{"line":24,"column":5}},{"start":{},"end":{}}],"line":19},"4":{"loc":{"start":{"line":50,"column":20},"end":{"line":50,"column":44}},"type":"binary-expr","locations":[{"start":{"line":50,"column":20},"end":{"line":50,"column":38}},{"start":{"line":50,"column":42},"end":{"line":50,"column":44}}],"line":50}},"s":{"0":15,"1":15,"2":4,"3":4,"4":4,"5":4,"6":1,"7":3,"8":3,"9":3,"10":1,"11":2,"12":1,"13":1,"14":1,"15":15,"16":3,"17":3,"18":3,"19":2,"20":1,"21":1},"f":{"0":4,"1":3,"2":3},"b":{"0":[1,3],"1":[4,4],"2":[3,2],"3":[1,2],"4":[2,1]},"_coverageSchema":"1a1c01bbd47fc00a2c39e90264f33305004495a9","hash":"9f84aaaca7bb3d83267abbcaa526ab3b44701ae7"}
,"/app/controllers/pro/dashboard.controller.js": {"path":"/app/controllers/pro/dashboard.controller.js","statementMap":{"0":{"start":{"line":1,"column":0},"end":{"line":3,"column":2}},"1":{"start":{"line":2,"column":2},"end":{"line":2,"column":72}}},"fnMap":{"0":{"name":"(anonymous_0)","decl":{"start":{"line":1,"column":23},"end":{"line":1,"column":24}},"loc":{"start":{"line":1,"column":37},"end":{"line":3,"column":1}},"line":1}},"branchMap":{},"s":{"0":15,"1":1},"f":{"0":1},"b":{},"_coverageSchema":"1a1c01bbd47fc00a2c39e90264f33305004495a9","hash":"d00bb10614e1aae5592091189d89b69b220e2197"}
,"/app/controllers/pro/services.controller.js": {"path":"/app/controllers/pro/services.controller.js","statementMap":{"0":{"start":{"line":1,"column":19},"end":{"line":1,"column":53}},"1":{"start":{"line":4,"column":0},"end":{"line":18,"column":2}},"2":{"start":{"line":5,"column":2},"end":{"line":17,"column":3}},"3":{"start":{"line":6,"column":18},"end":{"line":6,"column":29}},"4":{"start":{"line":7,"column":23},"end":{"line":7,"column":65}},"5":{"start":{"line":9,"column":4},"end":{"line":11,"column":5}},"6":{"start":{"line":10,"column":6},"end":{"line":10,"column":26}},"7":{"start":{"line":13,"column":4},"end":{"line":13,"column":34}},"8":{"start":{"line":15,"column":4},"end":{"line":15,"column":51}},"9":{"start":{"line":16,"column":4},"end":{"line":16,"column":56}},"10":{"start":{"line":21,"column":0},"end":{"line":62,"column":2}},"11":{"start":{"line":22,"column":2},"end":{"line":61,"column":3}},"12":{"start":{"line":23,"column":18},"end":{"line":23,"column":29}},"13":{"start":{"line":24,"column":49},"end":{"line":24,"column":57}},"14":{"start":{"line":27,"column":4},"end":{"line":37,"column":5}},"15":{"start":{"line":33,"column":6},"end":{"line":36,"column":9}},"16":{"start":{"line":39,"column":4},"end":{"line":39,"column":23}},"17":{"start":{"line":40,"column":4},"end":{"line":40,"column":76}},"18":{"start":{"line":42,"column":21},"end":{"line":42,"column":56}},"19":{"start":{"line":43,"column":4},"end":{"line":45,"column":5}},"20":{"start":{"line":44,"column":6},"end":{"line":44,"column":68}},"21":{"start":{"line":47,"column":23},"end":{"line":52,"column":5}},"22":{"start":{"line":54,"column":4},"end":{"line":54,"column":41}},"23":{"start":{"line":55,"column":4},"end":{"line":55,"column":28}},"24":{"start":{"line":57,"column":4},"end":{"line":57,"column":37}},"25":{"start":{"line":59,"column":4},"end":{"line":59,"column":51}},"26":{"start":{"line":60,"column":4},"end":{"line":60,"column":56}},"27":{"start":{"line":65,"column":0},"end":{"line":97,"column":2}},"28":{"start":{"line":66,"column":2},"end":{"line":96,"column":3}},"29":{"start":{"line":67,"column":18},"end":{"line":67,"column":29}},"30":{"start":{"line":68,"column":22},"end":{"line":68,"column":42}},"31":{"start":{"line":69,"column":51},"end":{"line":69,"column":59}},"32":{"start":{"line":71,"column":23},"end":{"line":71,"column":58}},"33":{"start":{"line":72,"column":4},"end":{"line":76,"column":5}},"34":{"start":{"line":73,"column":6},"end":{"line":75,"column":64}},"35":{"start":{"line":78,"column":20},"end":{"line":78,"column":53}},"36":{"start":{"line":79,"column":4},"end":{"line":81,"column":5}},"37":{"start":{"line":80,"column":6},"end":{"line":80,"column":71}},"38":{"start":{"line":83,"column":4},"end":{"line":83,"column":63}},"39":{"start":{"line":83,"column":28},"end":{"line":83,"column":63}},"40":{"start":{"line":84,"column":4},"end":{"line":84,"column":59}},"41":{"start":{"line":84,"column":29},"end":{"line":84,"column":59}},"42":{"start":{"line":85,"column":4},"end":{"line":85,"column":68}},"43":{"start":{"line":85,"column":32},"end":{"line":85,"column":68}},"44":{"start":{"line":86,"column":4},"end":{"line":89,"column":5}},"45":{"start":{"line":87,"column":6},"end":{"line":88,"column":66}},"46":{"start":{"line":91,"column":4},"end":{"line":91,"column":28}},"47":{"start":{"line":92,"column":4},"end":{"line":92,"column":22}},"48":{"start":{"line":94,"column":4},"end":{"line":94,"column":51}},"49":{"start":{"line":95,"column":4},"end":{"line":95,"column":56}},"50":{"start":{"line":100,"column":0},"end":{"line":127,"column":2}},"51":{"start":{"line":101,"column":2},"end":{"line":126,"column":3}},"52":{"start":{"line":102,"column":18},"end":{"line":102,"column":29}},"53":{"start":{"line":103,"column":26},"end":{"line":103,"column":36}},"54":{"start":{"line":105,"column":23},"end":{"line":105,"column":58}},"55":{"start":{"line":106,"column":4},"end":{"line":110,"column":5}},"56":{"start":{"line":107,"column":6},"end":{"line":109,"column":67}},"57":{"start":{"line":112,"column":26},"end":{"line":112,"column":52}},"58":{"start":{"line":113,"column":4},"end":{"line":115,"column":6}},"59":{"start":{"line":114,"column":19},"end":{"line":114,"column":55}},"60":{"start":{"line":117,"column":4},"end":{"line":119,"column":5}},"61":{"start":{"line":118,"column":6},"end":{"line":118,"column":71}},"62":{"start":{"line":121,"column":4},"end":{"line":121,"column":28}},"63":{"start":{"line":122,"column":4},"end":{"line":122,"column":78}},"64":{"start":{"line":124,"column":4},"end":{"line":124,"column":51}},"65":{"start":{"line":125,"column":4},"end":{"line":125,"column":56}},"66":{"start":{"line":130,"column":0},"end":{"line":148,"column":2}},"67":{"start":{"line":131,"column":2},"end":{"line":147,"column":3}},"68":{"start":{"line":132,"column":18},"end":{"line":132,"column":34}},"69":{"start":{"line":133,"column":4},"end":{"line":135,"column":5}},"70":{"start":{"line":134,"column":6},"end":{"line":134,"column":63}},"71":{"start":{"line":137,"column":23},"end":{"line":137,"column":65}},"72":{"start":{"line":139,"column":4},"end":{"line":141,"column":5}},"73":{"start":{"line":140,"column":6},"end":{"line":140,"column":26}},"74":{"start":{"line":143,"column":4},"end":{"line":143,"column":34}},"75":{"start":{"line":145,"column":4},"end":{"line":145,"column":55}},"76":{"start":{"line":146,"column":4},"end":{"line":146,"column":56}}},"fnMap":{"0":{"name":"(anonymous_0)","decl":{"start":{"line":4,"column":24},"end":{"line":4,"column":25}},"loc":{"start":{"line":4,"column":44},"end":{"line":18,"column":1}},"line":4},"1":{"name":"(anonymous_1)","decl":{"start":{"line":21,"column":24},"end":{"line":21,"column":25}},"loc":{"start":{"line":21,"column":44},"end":{"line":62,"column":1}},"line":21},"2":{"name":"(anonymous_2)","decl":{"start":{"line":65,"column":24},"end":{"line":65,"column":25}},"loc":{"start":{"line":65,"column":44},"end":{"line":97,"column":1}},"line":65},"3":{"name":"(anonymous_3)","decl":{"start":{"line":100,"column":24},"end":{"line":100,"column":25}},"loc":{"start":{"line":100,"column":44},"end":{"line":127,"column":1}},"line":100},"4":{"name":"(anonymous_4)","decl":{"start":{"line":114,"column":6},"end":{"line":114,"column":7}},"loc":{"start":{"line":114,"column":19},"end":{"line":114,"column":55}},"line":114},"5":{"name":"(anonymous_5)","decl":{"start":{"line":130,"column":28},"end":{"line":130,"column":29}},"loc":{"start":{"line":130,"column":48},"end":{"line":148,"column":1}},"line":130}},"branchMap":{"0":{"loc":{"start":{"line":9,"column":4},"end":{"line":11,"column":5}},"type":"if","locations":[{"start":{"line":9,"column":4},"end":{"line":11,"column":5}},{"start":{},"end":{}}],"line":9},"1":{"loc":{"start":{"line":9,"column":8},"end":{"line":9,"column":58}},"type":"binary-expr","locations":[{"start":{"line":9,"column":8},"end":{"line":9,"column":19}},{"start":{"line":9,"column":23},"end":{"line":9,"column":58}}],"line":9},"2":{"loc":{"start":{"line":27,"column":4},"end":{"line":37,"column":5}},"type":"if","locations":[{"start":{"line":27,"column":4},"end":{"line":37,"column":5}},{"start":{},"end":{}}],"line":27},"3":{"loc":{"start":{"line":28,"column":6},"end":{"line":31,"column":29}},"type":"binary-expr","locations":[{"start":{"line":28,"column":6},"end":{"line":28,"column":30}},{"start":{"line":29,"column":6},"end":{"line":29,"column":30}},{"start":{"line":30,"column":6},"end":{"line":30,"column":26}},{"start":{"line":31,"column":6},"end":{"line":31,"column":29}}],"line":28},"4":{"loc":{"start":{"line":40,"column":18},"end":{"line":40,"column":75}},"type":"cond-expr","locations":[{"start":{"line":40,"column":52},"end":{"line":40,"column":70}},{"start":{"line":40,"column":73},"end":{"line":40,"column":75}}],"line":40},"5":{"loc":{"start":{"line":43,"column":4},"end":{"line":45,"column":5}},"type":"if","locations":[{"start":{"line":43,"column":4},"end":{"line":45,"column":5}},{"start":{},"end":{}}],"line":43},"6":{"loc":{"start":{"line":72,"column":4},"end":{"line":76,"column":5}},"type":"if","locations":[{"start":{"line":72,"column":4},"end":{"line":76,"column":5}},{"start":{},"end":{}}],"line":72},"7":{"loc":{"start":{"line":79,"column":4},"end":{"line":81,"column":5}},"type":"if","locations":[{"start":{"line":79,"column":4},"end":{"line":81,"column":5}},{"start":{},"end":{}}],"line":79},"8":{"loc":{"start":{"line":83,"column":4},"end":{"line":83,"column":63}},"type":"if","locations":[{"start":{"line":83,"column":4},"end":{"line":83,"column":63}},{"start":{},"end":{}}],"line":83},"9":{"loc":{"start":{"line":84,"column":4},"end":{"line":84,"column":59}},"type":"if","locations":[{"start":{"line":84,"column":4},"end":{"line":84,"column":59}},{"start":{},"end":{}}],"line":84},"10":{"loc":{"start":{"line":85,"column":4},"end":{"line":85,"column":68}},"type":"if","locations":[{"start":{"line":85,"column":4},"end":{"line":85,"column":68}},{"start":{},"end":{}}],"line":85},"11":{"loc":{"start":{"line":86,"column":4},"end":{"line":89,"column":5}},"type":"if","locations":[{"start":{"line":86,"column":4},"end":{"line":89,"column":5}},{"start":{},"end":{}}],"line":86},"12":{"loc":{"start":{"line":88,"column":8},"end":{"line":88,"column":65}},"type":"cond-expr","locations":[{"start":{"line":88,"column":42},"end":{"line":88,"column":60}},{"start":{"line":88,"column":63},"end":{"line":88,"column":65}}],"line":88},"13":{"loc":{"start":{"line":106,"column":4},"end":{"line":110,"column":5}},"type":"if","locations":[{"start":{"line":106,"column":4},"end":{"line":110,"column":5}},{"start":{},"end":{}}],"line":106},"14":{"loc":{"start":{"line":117,"column":4},"end":{"line":119,"column":5}},"type":"if","locations":[{"start":{"line":117,"column":4},"end":{"line":119,"column":5}},{"start":{},"end":{}}],"line":117},"15":{"loc":{"start":{"line":133,"column":4},"end":{"line":135,"column":5}},"type":"if","locations":[{"start":{"line":133,"column":4},"end":{"line":135,"column":5}},{"start":{},"end":{}}],"line":133},"16":{"loc":{"start":{"line":139,"column":4},"end":{"line":141,"column":5}},"type":"if","locations":[{"start":{"line":139,"column":4},"end":{"line":141,"column":5}},{"start":{},"end":{}}],"line":139},"17":{"loc":{"start":{"line":139,"column":8},"end":{"line":139,"column":58}},"type":"binary-expr","locations":[{"start":{"line":139,"column":8},"end":{"line":139,"column":19}},{"start":{"line":139,"column":23},"end":{"line":139,"column":58}}],"line":139}},"s":{"0":15,"1":15,"2":2,"3":2,"4":2,"5":2,"6":1,"7":1,"8":0,"9":0,"10":15,"11":3,"12":3,"13":3,"14":3,"15":1,"16":2,"17":2,"18":2,"19":1,"20":0,"21":1,"22":1,"23":1,"24":1,"25":1,"26":1,"27":15,"28":3,"29":3,"30":3,"31":3,"32":3,"33":3,"34":1,"35":2,"36":2,"37":1,"38":1,"39":1,"40":1,"41":1,"42":1,"43":0,"44":1,"45":0,"46":1,"47":1,"48":0,"49":0,"50":15,"51":3,"52":3,"53":3,"54":3,"55":3,"56":1,"57":2,"58":2,"59":2,"60":2,"61":1,"62":1,"63":1,"64":0,"65":0,"66":15,"67":4,"68":4,"69":4,"70":0,"71":4,"72":4,"73":2,"74":2,"75":0,"76":0},"f":{"0":2,"1":3,"2":3,"3":3,"4":2,"5":4},"b":{"0":[1,1],"1":[2,1],"2":[1,2],"3":[3,3,2,2],"4":[1,1],"5":[0,1],"6":[1,2],"7":[1,1],"8":[1,0],"9":[1,0],"10":[0,1],"11":[0,1],"12":[0,0],"13":[1,2],"14":[1,1],"15":[0,4],"16":[2,2],"17":[4,2]},"_coverageSchema":"1a1c01bbd47fc00a2c39e90264f33305004495a9","hash":"7d91662bde2d7a836db1d1730951057a877efc83"}
,"/app/controllers/pro/slots.controller.js": {"path":"/app/controllers/pro/slots.controller.js","statementMap":{"0":{"start":{"line":1,"column":20},"end":{"line":1,"column":55}},"1":{"start":{"line":2,"column":19},"end":{"line":2,"column":53}},"2":{"start":{"line":4,"column":0},"end":{"line":105,"column":2}},"3":{"start":{"line":5,"column":2},"end":{"line":104,"column":3}},"4":{"start":{"line":6,"column":22},"end":{"line":6,"column":32}},"5":{"start":{"line":7,"column":32},"end":{"line":7,"column":41}},"6":{"start":{"line":9,"column":4},"end":{"line":11,"column":5}},"7":{"start":{"line":10,"column":6},"end":{"line":10,"column":78}},"8":{"start":{"line":12,"column":4},"end":{"line":14,"column":5}},"9":{"start":{"line":13,"column":6},"end":{"line":13,"column":70}},"10":{"start":{"line":17,"column":23},"end":{"line":17,"column":37}},"11":{"start":{"line":18,"column":4},"end":{"line":22,"column":5}},"12":{"start":{"line":19,"column":6},"end":{"line":21,"column":69}},"13":{"start":{"line":25,"column":20},"end":{"line":25,"column":55}},"14":{"start":{"line":26,"column":4},"end":{"line":28,"column":5}},"15":{"start":{"line":27,"column":6},"end":{"line":27,"column":62}},"16":{"start":{"line":30,"column":20},"end":{"line":30,"column":50}},"17":{"start":{"line":31,"column":4},"end":{"line":33,"column":5}},"18":{"start":{"line":32,"column":6},"end":{"line":32,"column":66}},"19":{"start":{"line":35,"column":28},"end":{"line":35,"column":52}},"20":{"start":{"line":36,"column":4},"end":{"line":38,"column":5}},"21":{"start":{"line":37,"column":6},"end":{"line":37,"column":73}},"22":{"start":{"line":40,"column":4},"end":{"line":42,"column":5}},"23":{"start":{"line":41,"column":6},"end":{"line":41,"column":26}},"24":{"start":{"line":45,"column":20},"end":{"line":47,"column":20}},"25":{"start":{"line":49,"column":30},"end":{"line":51,"column":5}},"26":{"start":{"line":50,"column":16},"end":{"line":50,"column":62}},"27":{"start":{"line":53,"column":4},"end":{"line":55,"column":5}},"28":{"start":{"line":54,"column":6},"end":{"line":54,"column":26}},"29":{"start":{"line":58,"column":18},"end":{"line":58,"column":20}},"30":{"start":{"line":60,"column":4},"end":{"line":93,"column":7}},"31":{"start":{"line":61,"column":6},"end":{"line":61,"column":54}},"32":{"start":{"line":61,"column":47},"end":{"line":61,"column":54}},"33":{"start":{"line":63,"column":6},"end":{"line":92,"column":9}},"34":{"start":{"line":64,"column":31},"end":{"line":64,"column":35}},"35":{"start":{"line":67,"column":8},"end":{"line":74,"column":9}},"36":{"start":{"line":73,"column":10},"end":{"line":73,"column":17}},"37":{"start":{"line":76,"column":22},"end":{"line":76,"column":53}},"38":{"start":{"line":77,"column":24},"end":{"line":77,"column":53}},"39":{"start":{"line":79,"column":8},"end":{"line":81,"column":9}},"40":{"start":{"line":80,"column":10},"end":{"line":80,"column":17}},"41":{"start":{"line":83,"column":8},"end":{"line":91,"column":9}},"42":{"start":{"line":84,"column":23},"end":{"line":84,"column":76}},"43":{"start":{"line":85,"column":10},"end":{"line":89,"column":11}},"44":{"start":{"line":86,"column":22},"end":{"line":86,"column":68}},"45":{"start":{"line":87,"column":22},"end":{"line":87,"column":70}},"46":{"start":{"line":88,"column":12},"end":{"line":88,"column":36}},"47":{"start":{"line":90,"column":10},"end":{"line":90,"column":25}},"48":{"start":{"line":96,"column":21},"end":{"line":96,"column":60}},"49":{"start":{"line":97,"column":23},"end":{"line":97,"column":50}},"50":{"start":{"line":97,"column":43},"end":{"line":97,"column":49}},"51":{"start":{"line":98,"column":27},"end":{"line":98,"column":71}},"52":{"start":{"line":98,"column":47},"end":{"line":98,"column":70}},"53":{"start":{"line":100,"column":4},"end":{"line":100,"column":36}},"54":{"start":{"line":102,"column":4},"end":{"line":102,"column":52}},"55":{"start":{"line":103,"column":4},"end":{"line":103,"column":61}}},"fnMap":{"0":{"name":"(anonymous_0)","decl":{"start":{"line":4,"column":28},"end":{"line":4,"column":29}},"loc":{"start":{"line":4,"column":48},"end":{"line":105,"column":1}},"line":4},"1":{"name":"(anonymous_1)","decl":{"start":{"line":50,"column":6},"end":{"line":50,"column":7}},"loc":{"start":{"line":50,"column":16},"end":{"line":50,"column":62}},"line":50},"2":{"name":"(anonymous_2)","decl":{"start":{"line":60,"column":30},"end":{"line":60,"column":31}},"loc":{"start":{"line":60,"column":41},"end":{"line":93,"column":5}},"line":60},"3":{"name":"(anonymous_3)","decl":{"start":{"line":63,"column":26},"end":{"line":63,"column":27}},"loc":{"start":{"line":63,"column":36},"end":{"line":92,"column":7}},"line":63},"4":{"name":"(anonymous_4)","decl":{"start":{"line":97,"column":36},"end":{"line":97,"column":37}},"loc":{"start":{"line":97,"column":43},"end":{"line":97,"column":49}},"line":97},"5":{"name":"(anonymous_5)","decl":{"start":{"line":98,"column":40},"end":{"line":98,"column":41}},"loc":{"start":{"line":98,"column":47},"end":{"line":98,"column":70}},"line":98}},"branchMap":{"0":{"loc":{"start":{"line":9,"column":4},"end":{"line":11,"column":5}},"type":"if","locations":[{"start":{"line":9,"column":4},"end":{"line":11,"column":5}},{"start":{},"end":{}}],"line":9},"1":{"loc":{"start":{"line":12,"column":4},"end":{"line":14,"column":5}},"type":"if","locations":[{"start":{"line":12,"column":4},"end":{"line":14,"column":5}},{"start":{},"end":{}}],"line":12},"2":{"loc":{"start":{"line":18,"column":4},"end":{"line":22,"column":5}},"type":"if","locations":[{"start":{"line":18,"column":4},"end":{"line":22,"column":5}},{"start":{},"end":{}}],"line":18},"3":{"loc":{"start":{"line":26,"column":4},"end":{"line":28,"column":5}},"type":"if","locations":[{"start":{"line":26,"column":4},"end":{"line":28,"column":5}},{"start":{},"end":{}}],"line":26},"4":{"loc":{"start":{"line":31,"column":4},"end":{"line":33,"column":5}},"type":"if","locations":[{"start":{"line":31,"column":4},"end":{"line":33,"column":5}},{"start":{},"end":{}}],"line":31},"5":{"loc":{"start":{"line":36,"column":4},"end":{"line":38,"column":5}},"type":"if","locations":[{"start":{"line":36,"column":4},"end":{"line":38,"column":5}},{"start":{},"end":{}}],"line":36},"6":{"loc":{"start":{"line":36,"column":8},"end":{"line":36,"column":54}},"type":"binary-expr","locations":[{"start":{"line":36,"column":8},"end":{"line":36,"column":30}},{"start":{"line":36,"column":34},"end":{"line":36,"column":54}}],"line":36},"7":{"loc":{"start":{"line":40,"column":4},"end":{"line":42,"column":5}},"type":"if","locations":[{"start":{"line":40,"column":4},"end":{"line":42,"column":5}},{"start":{},"end":{}}],"line":40},"8":{"loc":{"start":{"line":40,"column":8},"end":{"line":40,"column":61}},"type":"binary-expr","locations":[{"start":{"line":40,"column":8},"end":{"line":40,"column":29}},{"start":{"line":40,"column":33},"end":{"line":40,"column":61}}],"line":40},"9":{"loc":{"start":{"line":50,"column":16},"end":{"line":50,"column":62}},"type":"binary-expr","locations":[{"start":{"line":50,"column":16},"end":{"line":50,"column":24}},{"start":{"line":50,"column":28},"end":{"line":50,"column":62}}],"line":50},"10":{"loc":{"start":{"line":53,"column":4},"end":{"line":55,"column":5}},"type":"if","locations":[{"start":{"line":53,"column":4},"end":{"line":55,"column":5}},{"start":{},"end":{}}],"line":53},"11":{"loc":{"start":{"line":61,"column":6},"end":{"line":61,"column":54}},"type":"if","locations":[{"start":{"line":61,"column":6},"end":{"line":61,"column":54}},{"start":{},"end":{}}],"line":61},"12":{"loc":{"start":{"line":61,"column":10},"end":{"line":61,"column":45}},"type":"binary-expr","locations":[{"start":{"line":61,"column":10},"end":{"line":61,"column":22}},{"start":{"line":61,"column":26},"end":{"line":61,"column":45}}],"line":61},"13":{"loc":{"start":{"line":67,"column":8},"end":{"line":74,"column":9}},"type":"if","locations":[{"start":{"line":67,"column":8},"end":{"line":74,"column":9}},{"start":{},"end":{}}],"line":67},"14":{"loc":{"start":{"line":68,"column":10},"end":{"line":71,"column":36}},"type":"binary-expr","locations":[{"start":{"line":68,"column":10},"end":{"line":68,"column":35}},{"start":{"line":69,"column":10},"end":{"line":69,"column":33}},{"start":{"line":70,"column":10},"end":{"line":70,"column":38}},{"start":{"line":71,"column":10},"end":{"line":71,"column":36}}],"line":68},"15":{"loc":{"start":{"line":79,"column":8},"end":{"line":81,"column":9}},"type":"if","locations":[{"start":{"line":79,"column":8},"end":{"line":81,"column":9}},{"start":{},"end":{}}],"line":79},"16":{"loc":{"start":{"line":79,"column":12},"end":{"line":79,"column":64}},"type":"binary-expr","locations":[{"start":{"line":79,"column":12},"end":{"line":79,"column":36}},{"start":{"line":79,"column":40},"end":{"line":79,"column":64}}],"line":79},"17":{"loc":{"start":{"line":85,"column":10},"end":{"line":89,"column":11}},"type":"if","locations":[{"start":{"line":85,"column":10},"end":{"line":89,"column":11}},{"start":{},"end":{}}],"line":85}},"s":{"0":15,"1":15,"2":15,"3":10,"4":10,"5":10,"6":10,"7":1,"8":9,"9":1,"10":8,"11":8,"12":1,"13":7,"14":6,"15":1,"16":5,"17":5,"18":1,"19":4,"20":4,"21":1,"22":3,"23":1,"24":2,"25":2,"26":2,"27":2,"28":1,"29":1,"30":1,"31":1,"32":0,"33":1,"34":1,"35":1,"36":0,"37":1,"38":1,"39":1,"40":0,"41":1,"42":2,"43":2,"44":2,"45":2,"46":2,"47":2,"48":1,"49":1,"50":1,"51":1,"52":2,"53":1,"54":1,"55":1},"f":{"0":10,"1":2,"2":1,"3":1,"4":1,"5":2},"b":{"0":[1,9],"1":[1,8],"2":[1,7],"3":[1,5],"4":[1,4],"5":[1,3],"6":[4,3],"7":[1,2],"8":[3,3],"9":[2,2],"10":[1,1],"11":[0,1],"12":[1,1],"13":[0,1],"14":[1,1,1,1],"15":[0,1],"16":[1,1],"17":[2,0]},"_coverageSchema":"1a1c01bbd47fc00a2c39e90264f33305004495a9","hash":"1edac88ac8630d1eb9f724cc5c3dc1ef625519e6"}
,"/app/controllers/reservations/reservation.controller.js": {"path":"/app/controllers/reservations/reservation.controller.js","statementMap":{"0":{"start":{"line":1,"column":20},"end":{"line":1,"column":55}},"1":{"start":{"line":2,"column":19},"end":{"line":2,"column":53}},"2":{"start":{"line":3,"column":13},"end":{"line":3,"column":41}},"3":{"start":{"line":8,"column":0},"end":{"line":85,"column":2}},"4":{"start":{"line":9,"column":2},"end":{"line":84,"column":3}},"5":{"start":{"line":10,"column":4},"end":{"line":10,"column":44}},"6":{"start":{"line":11,"column":21},"end":{"line":11,"column":32}},"7":{"start":{"line":12,"column":55},"end":{"line":12,"column":63}},"8":{"start":{"line":14,"column":4},"end":{"line":16,"column":5}},"9":{"start":{"line":15,"column":6},"end":{"line":15,"column":72}},"10":{"start":{"line":18,"column":23},"end":{"line":18,"column":37}},"11":{"start":{"line":19,"column":4},"end":{"line":23,"column":5}},"12":{"start":{"line":20,"column":6},"end":{"line":22,"column":71}},"13":{"start":{"line":25,"column":4},"end":{"line":29,"column":5}},"14":{"start":{"line":26,"column":6},"end":{"line":28,"column":67}},"15":{"start":{"line":31,"column":20},"end":{"line":31,"column":55}},"16":{"start":{"line":32,"column":4},"end":{"line":32,"column":76}},"17":{"start":{"line":32,"column":18},"end":{"line":32,"column":76}},"18":{"start":{"line":34,"column":20},"end":{"line":34,"column":50}},"19":{"start":{"line":35,"column":4},"end":{"line":35,"column":80}},"20":{"start":{"line":35,"column":18},"end":{"line":35,"column":80}},"21":{"start":{"line":37,"column":51},"end":{"line":37,"column":58}},"22":{"start":{"line":40,"column":23},"end":{"line":42,"column":20}},"23":{"start":{"line":43,"column":4},"end":{"line":43,"column":54}},"24":{"start":{"line":46,"column":22},"end":{"line":49,"column":42}},"25":{"start":{"line":47,"column":24},"end":{"line":47,"column":36}},"26":{"start":{"line":48,"column":24},"end":{"line":48,"column":61}},"27":{"start":{"line":49,"column":25},"end":{"line":49,"column":41}},"28":{"start":{"line":51,"column":26},"end":{"line":51,"column":56}},"29":{"start":{"line":52,"column":22},"end":{"line":57,"column":6}},"30":{"start":{"line":53,"column":6},"end":{"line":53,"column":51}},"31":{"start":{"line":53,"column":38},"end":{"line":53,"column":51}},"32":{"start":{"line":54,"column":20},"end":{"line":54,"column":57}},"33":{"start":{"line":55,"column":18},"end":{"line":55,"column":53}},"34":{"start":{"line":56,"column":6},"end":{"line":56,"column":59}},"35":{"start":{"line":59,"column":4},"end":{"line":62,"column":9}},"36":{"start":{"line":60,"column":6},"end":{"line":62,"column":9}},"37":{"start":{"line":64,"column":21},"end":{"line":64,"column":69}},"38":{"start":{"line":65,"column":4},"end":{"line":66,"column":76}},"39":{"start":{"line":66,"column":6},"end":{"line":66,"column":76}},"40":{"start":{"line":68,"column":24},"end":{"line":78,"column":6}},"41":{"start":{"line":80,"column":4},"end":{"line":80,"column":33}},"42":{"start":{"line":82,"column":4},"end":{"line":82,"column":52}},"43":{"start":{"line":83,"column":4},"end":{"line":83,"column":61}},"44":{"start":{"line":90,"column":0},"end":{"line":109,"column":2}},"45":{"start":{"line":91,"column":2},"end":{"line":108,"column":3}},"46":{"start":{"line":92,"column":25},"end":{"line":92,"column":35}},"47":{"start":{"line":94,"column":25},"end":{"line":102,"column":33}},"48":{"start":{"line":104,"column":4},"end":{"line":104,"column":34}},"49":{"start":{"line":106,"column":4},"end":{"line":106,"column":46}},"50":{"start":{"line":107,"column":4},"end":{"line":107,"column":61}},"51":{"start":{"line":114,"column":0},"end":{"line":127,"column":2}},"52":{"start":{"line":115,"column":2},"end":{"line":126,"column":3}},"53":{"start":{"line":116,"column":22},"end":{"line":116,"column":32}},"54":{"start":{"line":118,"column":25},"end":{"line":120,"column":33}},"55":{"start":{"line":122,"column":4},"end":{"line":122,"column":34}},"56":{"start":{"line":124,"column":4},"end":{"line":124,"column":43}},"57":{"start":{"line":125,"column":4},"end":{"line":125,"column":61}},"58":{"start":{"line":132,"column":0},"end":{"line":151,"column":2}},"59":{"start":{"line":133,"column":2},"end":{"line":150,"column":3}},"60":{"start":{"line":134,"column":19},"end":{"line":134,"column":29}},"61":{"start":{"line":135,"column":23},"end":{"line":135,"column":31}},"62":{"start":{"line":137,"column":24},"end":{"line":141,"column":5}},"63":{"start":{"line":143,"column":4},"end":{"line":144,"column":72}},"64":{"start":{"line":144,"column":6},"end":{"line":144,"column":72}},"65":{"start":{"line":146,"column":4},"end":{"line":146,"column":33}},"66":{"start":{"line":148,"column":4},"end":{"line":148,"column":47}},"67":{"start":{"line":149,"column":4},"end":{"line":149,"column":61}}},"fnMap":{"0":{"name":"(anonymous_0)","decl":{"start":{"line":8,"column":28},"end":{"line":8,"column":29}},"loc":{"start":{"line":8,"column":48},"end":{"line":85,"column":1}},"line":8},"1":{"name":"(anonymous_1)","decl":{"start":{"line":47,"column":14},"end":{"line":47,"column":15}},"loc":{"start":{"line":47,"column":24},"end":{"line":47,"column":36}},"line":47},"2":{"name":"(anonymous_2)","decl":{"start":{"line":48,"column":14},"end":{"line":48,"column":15}},"loc":{"start":{"line":48,"column":24},"end":{"line":48,"column":61}},"line":48},"3":{"name":"(anonymous_3)","decl":{"start":{"line":49,"column":15},"end":{"line":49,"column":16}},"loc":{"start":{"line":49,"column":25},"end":{"line":49,"column":41}},"line":49},"4":{"name":"(anonymous_4)","decl":{"start":{"line":52,"column":37},"end":{"line":52,"column":38}},"loc":{"start":{"line":52,"column":48},"end":{"line":57,"column":5}},"line":52},"5":{"name":"(anonymous_5)","decl":{"start":{"line":90,"column":22},"end":{"line":90,"column":23}},"loc":{"start":{"line":90,"column":42},"end":{"line":109,"column":1}},"line":90},"6":{"name":"(anonymous_6)","decl":{"start":{"line":114,"column":19},"end":{"line":114,"column":20}},"loc":{"start":{"line":114,"column":39},"end":{"line":127,"column":1}},"line":114},"7":{"name":"(anonymous_7)","decl":{"start":{"line":132,"column":23},"end":{"line":132,"column":24}},"loc":{"start":{"line":132,"column":43},"end":{"line":151,"column":1}},"line":132}},"branchMap":{"0":{"loc":{"start":{"line":14,"column":4},"end":{"line":16,"column":5}},"type":"if","locations":[{"start":{"line":14,"column":4},"end":{"line":16,"column":5}},{"start":{},"end":{}}],"line":14},"1":{"loc":{"start":{"line":14,"column":8},"end":{"line":14,"column":46}},"type":"binary-expr","locations":[{"start":{"line":14,"column":8},"end":{"line":14,"column":14}},{"start":{"line":14,"column":18},"end":{"line":14,"column":28}},{"start":{"line":14,"column":32},"end":{"line":14,"column":37}},{"start":{"line":14,"column":41},"end":{"line":14,"column":46}}],"line":14},"2":{"loc":{"start":{"line":19,"column":4},"end":{"line":23,"column":5}},"type":"if","locations":[{"start":{"line":19,"column":4},"end":{"line":23,"column":5}},{"start":{},"end":{}}],"line":19},"3":{"loc":{"start":{"line":25,"column":4},"end":{"line":29,"column":5}},"type":"if","locations":[{"start":{"line":25,"column":4},"end":{"line":29,"column":5}},{"start":{},"end":{}}],"line":25},"4":{"loc":{"start":{"line":32,"column":4},"end":{"line":32,"column":76}},"type":"if","locations":[{"start":{"line":32,"column":4},"end":{"line":32,"column":76}},{"start":{},"end":{}}],"line":32},"5":{"loc":{"start":{"line":35,"column":4},"end":{"line":35,"column":80}},"type":"if","locations":[{"start":{"line":35,"column":4},"end":{"line":35,"column":80}},{"start":{},"end":{}}],"line":35},"6":{"loc":{"start":{"line":49,"column":25},"end":{"line":49,"column":41}},"type":"binary-expr","locations":[{"start":{"line":49,"column":25},"end":{"line":49,"column":35}},{"start":{"line":49,"column":39},"end":{"line":49,"column":41}}],"line":49},"7":{"loc":{"start":{"line":53,"column":6},"end":{"line":53,"column":51}},"type":"if","locations":[{"start":{"line":53,"column":6},"end":{"line":53,"column":51}},{"start":{},"end":{}}],"line":53},"8":{"loc":{"start":{"line":53,"column":10},"end":{"line":53,"column":36}},"type":"binary-expr","locations":[{"start":{"line":53,"column":10},"end":{"line":53,"column":22}},{"start":{"line":53,"column":26},"end":{"line":53,"column":36}}],"line":53},"9":{"loc":{"start":{"line":56,"column":13},"end":{"line":56,"column":58}},"type":"binary-expr","locations":[{"start":{"line":56,"column":13},"end":{"line":56,"column":35}},{"start":{"line":56,"column":39},"end":{"line":56,"column":58}}],"line":56},"10":{"loc":{"start":{"line":59,"column":4},"end":{"line":62,"column":9}},"type":"if","locations":[{"start":{"line":59,"column":4},"end":{"line":62,"column":9}},{"start":{},"end":{}}],"line":59},"11":{"loc":{"start":{"line":65,"column":4},"end":{"line":66,"column":76}},"type":"if","locations":[{"start":{"line":65,"column":4},"end":{"line":66,"column":76}},{"start":{},"end":{}}],"line":65},"12":{"loc":{"start":{"line":143,"column":4},"end":{"line":144,"column":72}},"type":"if","locations":[{"start":{"line":143,"column":4},"end":{"line":144,"column":72}},{"start":{},"end":{}}],"line":143}},"s":{"0":15,"1":15,"2":15,"3":15,"4":9,"5":9,"6":9,"7":9,"8":9,"9":1,"10":8,"11":8,"12":1,"13":7,"14":1,"15":6,"16":5,"17":1,"18":4,"19":4,"20":1,"21":3,"22":3,"23":3,"24":3,"25":3,"26":3,"27":2,"28":3,"29":3,"30":2,"31":0,"32":2,"33":2,"34":2,"35":3,"36":1,"37":2,"38":2,"39":1,"40":1,"41":1,"42":1,"43":1,"44":15,"45":2,"46":2,"47":2,"48":1,"49":1,"50":1,"51":15,"52":2,"53":2,"54":2,"55":1,"56":1,"57":1,"58":15,"59":3,"60":3,"61":3,"62":3,"63":2,"64":1,"65":1,"66":1,"67":1},"f":{"0":9,"1":3,"2":3,"3":2,"4":2,"5":2,"6":2,"7":3},"b":{"0":[1,8],"1":[9,8,8,8],"2":[1,7],"3":[1,6],"4":[1,4],"5":[1,3],"6":[2,0],"7":[0,2],"8":[2,2],"9":[2,2],"10":[1,2],"11":[1,1],"12":[1,1]},"_coverageSchema":"1a1c01bbd47fc00a2c39e90264f33305004495a9","hash":"b2b5625e9b5518b956a921150433a4662a06a3ee"}
,"/app/middleware/auth.js": {"path":"/app/middleware/auth.js","statementMap":{"0":{"start":{"line":1,"column":12},"end":{"line":1,"column":35}},"1":{"start":{"line":3,"column":0},"end":{"line":43,"column":2}},"2":{"start":{"line":4,"column":2},"end":{"line":42,"column":3}},"3":{"start":{"line":6,"column":23},"end":{"line":6,"column":48}},"4":{"start":{"line":7,"column":4},"end":{"line":11,"column":5}},"5":{"start":{"line":8,"column":6},"end":{"line":10,"column":9}},"6":{"start":{"line":14,"column":18},"end":{"line":14,"column":42}},"7":{"start":{"line":17,"column":20},"end":{"line":17,"column":61}},"8":{"start":{"line":20,"column":19},"end":{"line":20,"column":44}},"9":{"start":{"line":21,"column":4},"end":{"line":25,"column":5}},"10":{"start":{"line":22,"column":6},"end":{"line":24,"column":79}},"11":{"start":{"line":28,"column":4},"end":{"line":32,"column":6}},"12":{"start":{"line":35,"column":4},"end":{"line":35,"column":11}},"13":{"start":{"line":38,"column":4},"end":{"line":40,"column":5}},"14":{"start":{"line":39,"column":6},"end":{"line":39,"column":63}},"15":{"start":{"line":41,"column":4},"end":{"line":41,"column":63}}},"fnMap":{"0":{"name":"(anonymous_0)","decl":{"start":{"line":3,"column":18},"end":{"line":3,"column":19}},"loc":{"start":{"line":3,"column":38},"end":{"line":43,"column":1}},"line":3}},"branchMap":{"0":{"loc":{"start":{"line":7,"column":4},"end":{"line":11,"column":5}},"type":"if","locations":[{"start":{"line":7,"column":4},"end":{"line":11,"column":5}},{"start":{},"end":{}}],"line":7},"1":{"loc":{"start":{"line":7,"column":8},"end":{"line":7,"column":56}},"type":"binary-expr","locations":[{"start":{"line":7,"column":8},"end":{"line":7,"column":19}},{"start":{"line":7,"column":23},"end":{"line":7,"column":56}}],"line":7},"2":{"loc":{"start":{"line":20,"column":19},"end":{"line":20,"column":44}},"type":"binary-expr","locations":[{"start":{"line":20,"column":19},"end":{"line":20,"column":30}},{"start":{"line":20,"column":34},"end":{"line":20,"column":44}}],"line":20},"3":{"loc":{"start":{"line":21,"column":4},"end":{"line":25,"column":5}},"type":"if","locations":[{"start":{"line":21,"column":4},"end":{"line":25,"column":5}},{"start":{},"end":{}}],"line":21},"4":{"loc":{"start":{"line":30,"column":13},"end":{"line":30,"column":34}},"type":"binary-expr","locations":[{"start":{"line":30,"column":13},"end":{"line":30,"column":26}},{"start":{"line":30,"column":30},"end":{"line":30,"column":34}}],"line":30},"5":{"loc":{"start":{"line":31,"column":12},"end":{"line":31,"column":54}},"type":"binary-expr","locations":[{"start":{"line":31,"column":12},"end":{"line":31,"column":30}},{"start":{"line":31,"column":34},"end":{"line":31,"column":46}},{"start":{"line":31,"column":50},"end":{"line":31,"column":54}}],"line":31},"6":{"loc":{"start":{"line":38,"column":4},"end":{"line":40,"column":5}},"type":"if","locations":[{"start":{"line":38,"column":4},"end":{"line":40,"column":5}},{"start":{},"end":{}}],"line":38}},"s":{"0":15,"1":15,"2":65,"3":65,"4":65,"5":10,"6":55,"7":55,"8":51,"9":51,"10":1,"11":50,"12":50,"13":4,"14":1,"15":3},"f":{"0":65},"b":{"0":[10,55],"1":[65,56],"2":[51,2],"3":[1,50],"4":[50,0],"5":[50,0,0],"6":[1,3]},"_coverageSchema":"1a1c01bbd47fc00a2c39e90264f33305004495a9","hash":"94fd8f4b275917d6cc9f5886ff963c1cd9e5a024"}
,"/app/middleware/roles.js": {"path":"/app/middleware/roles.js","statementMap":{"0":{"start":{"line":1,"column":0},"end":{"line":11,"column":2}},"1":{"start":{"line":1,"column":31},"end":{"line":11,"column":1}},"2":{"start":{"line":2,"column":2},"end":{"line":4,"column":3}},"3":{"start":{"line":3,"column":4},"end":{"line":3,"column":64}},"4":{"start":{"line":6,"column":2},"end":{"line":8,"column":3}},"5":{"start":{"line":7,"column":4},"end":{"line":7,"column":79}},"6":{"start":{"line":10,"column":2},"end":{"line":10,"column":9}}},"fnMap":{"0":{"name":"(anonymous_0)","decl":{"start":{"line":1,"column":17},"end":{"line":1,"column":18}},"loc":{"start":{"line":1,"column":31},"end":{"line":11,"column":1}},"line":1},"1":{"name":"(anonymous_1)","decl":{"start":{"line":1,"column":31},"end":{"line":1,"column":32}},"loc":{"start":{"line":1,"column":51},"end":{"line":11,"column":1}},"line":1}},"branchMap":{"0":{"loc":{"start":{"line":2,"column":2},"end":{"line":4,"column":3}},"type":"if","locations":[{"start":{"line":2,"column":2},"end":{"line":4,"column":3}},{"start":{},"end":{}}],"line":2},"1":{"loc":{"start":{"line":6,"column":2},"end":{"line":8,"column":3}},"type":"if","locations":[{"start":{"line":6,"column":2},"end":{"line":8,"column":3}},{"start":{},"end":{}}],"line":6}},"s":{"0":15,"1":129,"2":3,"3":1,"4":2,"5":1,"6":1},"f":{"0":129,"1":3},"b":{"0":[1,2],"1":[1,1]},"_coverageSchema":"1a1c01bbd47fc00a2c39e90264f33305004495a9","hash":"8990948ac5235ac1dfb4712936bf44e4cc12fcba"}
,"/app/middleware/upload.js": {"path":"/app/middleware/upload.js","statementMap":{"0":{"start":{"line":1,"column":15},"end":{"line":1,"column":32}},"1":{"start":{"line":2,"column":13},"end":{"line":2,"column":28}},"2":{"start":{"line":5,"column":16},"end":{"line":5,"column":38}},"3":{"start":{"line":7,"column":15},"end":{"line":18,"column":2}},"4":{"start":{"line":11,"column":22},"end":{"line":11,"column":41}},"5":{"start":{"line":12,"column":20},"end":{"line":14,"column":5}},"6":{"start":{"line":15,"column":4},"end":{"line":16,"column":44}},"7":{"start":{"line":15,"column":17},"end":{"line":15,"column":32}},"8":{"start":{"line":16,"column":9},"end":{"line":16,"column":44}},"9":{"start":{"line":20,"column":0},"end":{"line":20,"column":24}}},"fnMap":{"0":{"name":"(anonymous_0)","decl":{"start":{"line":10,"column":14},"end":{"line":10,"column":15}},"loc":{"start":{"line":10,"column":33},"end":{"line":17,"column":3}},"line":10}},"branchMap":{"0":{"loc":{"start":{"line":15,"column":4},"end":{"line":16,"column":44}},"type":"if","locations":[{"start":{"line":15,"column":4},"end":{"line":16,"column":44}},{"start":{"line":16,"column":9},"end":{"line":16,"column":44}}],"line":15}},"s":{"0":15,"1":15,"2":15,"3":15,"4":5,"5":5,"6":5,"7":4,"8":1,"9":15},"f":{"0":5},"b":{"0":[4,1]},"_coverageSchema":"1a1c01bbd47fc00a2c39e90264f33305004495a9","hash":"d1132c939c4adedf38e4bd3635099ec02eb54b48"}
,"/app/middleware/validate.js": {"path":"/app/middleware/validate.js","statementMap":{"0":{"start":{"line":1,"column":29},"end":{"line":1,"column":57}},"1":{"start":{"line":4,"column":17},"end":{"line":4,"column":38}},"2":{"start":{"line":5,"column":2},"end":{"line":8,"column":3}},"3":{"start":{"line":6,"column":4},"end":{"line":6,"column":58}},"4":{"start":{"line":7,"column":4},"end":{"line":7,"column":60}},"5":{"start":{"line":9,"column":2},"end":{"line":9,"column":9}},"6":{"start":{"line":12,"column":0},"end":{"line":12,"column":26}}},"fnMap":{"0":{"name":"validate","decl":{"start":{"line":3,"column":9},"end":{"line":3,"column":17}},"loc":{"start":{"line":3,"column":34},"end":{"line":10,"column":1}},"line":3}},"branchMap":{"0":{"loc":{"start":{"line":5,"column":2},"end":{"line":8,"column":3}},"type":"if","locations":[{"start":{"line":5,"column":2},"end":{"line":8,"column":3}},{"start":{},"end":{}}],"line":5}},"s":{"0":18,"1":198,"2":198,"3":8,"4":8,"5":190,"6":18},"f":{"0":198},"b":{"0":[8,190]},"_coverageSchema":"1a1c01bbd47fc00a2c39e90264f33305004495a9","hash":"7cdcf52234aa6a6c4ec13b6d93c6c054d2a589a3"}
,"/app/models/Post.js": {"path":"/app/models/Post.js","statementMap":{"0":{"start":{"line":1,"column":17},"end":{"line":1,"column":36}},"1":{"start":{"line":3,"column":19},"end":{"line":37,"column":1}},"2":{"start":{"line":39,"column":0},"end":{"line":39,"column":52}}},"fnMap":{},"branchMap":{},"s":{"0":14,"1":14,"2":14},"f":{},"b":{},"_coverageSchema":"1a1c01bbd47fc00a2c39e90264f33305004495a9","hash":"92f5e6e0d6da490e650071b54bf037529466fe72"}
,"/app/models/ProDetails.js": {"path":"/app/models/ProDetails.js","statementMap":{"0":{"start":{"line":1,"column":17},"end":{"line":1,"column":36}},"1":{"start":{"line":3,"column":19},"end":{"line":9,"column":1}},"2":{"start":{"line":11,"column":27},"end":{"line":18,"column":1}},"3":{"start":{"line":20,"column":25},"end":{"line":42,"column":1}},"4":{"start":{"line":44,"column":0},"end":{"line":44,"column":64}}},"fnMap":{},"branchMap":{},"s":{"0":18,"1":18,"2":18,"3":18,"4":18},"f":{},"b":{},"_coverageSchema":"1a1c01bbd47fc00a2c39e90264f33305004495a9","hash":"d3d0b25ee401a3ee2a02decdfa82f17a70e67276"}
,"/app/models/Reservation.js": {"path":"/app/models/Reservation.js","statementMap":{"0":{"start":{"line":1,"column":17},"end":{"line":1,"column":36}},"1":{"start":{"line":3,"column":26},"end":{"line":50,"column":1}},"2":{"start":{"line":52,"column":0},"end":{"line":52,"column":74}},"3":{"start":{"line":54,"column":0},"end":{"line":54,"column":66}}},"fnMap":{},"branchMap":{},"s":{"0":16,"1":16,"2":16,"3":16},"f":{},"b":{},"_coverageSchema":"1a1c01bbd47fc00a2c39e90264f33305004495a9","hash":"52c888e675748413a227cb7f753caad352b8bacd"}
,"/app/models/User.js": {"path":"/app/models/User.js","statementMap":{"0":{"start":{"line":1,"column":17},"end":{"line":1,"column":36}},"1":{"start":{"line":2,"column":15},"end":{"line":2,"column":34}},"2":{"start":{"line":4,"column":19},"end":{"line":91,"column":1}},"3":{"start":{"line":94,"column":0},"end":{"line":99,"column":3}},"4":{"start":{"line":95,"column":2},"end":{"line":95,"column":50}},"5":{"start":{"line":95,"column":36},"end":{"line":95,"column":50}},"6":{"start":{"line":96,"column":15},"end":{"line":96,"column":39}},"7":{"start":{"line":97,"column":2},"end":{"line":97,"column":57}},"8":{"start":{"line":98,"column":2},"end":{"line":98,"column":9}},"9":{"start":{"line":102,"column":0},"end":{"line":104,"column":2}},"10":{"start":{"line":103,"column":2},"end":{"line":103,"column":58}},"11":{"start":{"line":106,"column":13},"end":{"line":106,"column":47}},"12":{"start":{"line":107,"column":0},"end":{"line":107,"column":22}}},"fnMap":{"0":{"name":"(anonymous_0)","decl":{"start":{"line":94,"column":23},"end":{"line":94,"column":24}},"loc":{"start":{"line":94,"column":45},"end":{"line":99,"column":1}},"line":94},"1":{"name":"(anonymous_1)","decl":{"start":{"line":102,"column":37},"end":{"line":102,"column":38}},"loc":{"start":{"line":102,"column":66},"end":{"line":104,"column":1}},"line":102}},"branchMap":{"0":{"loc":{"start":{"line":95,"column":2},"end":{"line":95,"column":50}},"type":"if","locations":[{"start":{"line":95,"column":2},"end":{"line":95,"column":50}},{"start":{},"end":{}}],"line":95}},"s":{"0":16,"1":16,"2":16,"3":16,"4":103,"5":19,"6":84,"7":84,"8":84,"9":16,"10":78,"11":16,"12":16},"f":{"0":103,"1":78},"b":{"0":[19,84]},"_coverageSchema":"1a1c01bbd47fc00a2c39e90264f33305004495a9","hash":"655cd067535eaa9baf3156365af3851af7e51c23"}
,"/app/routes/account.routes.js": {"path":"/app/routes/account.routes.js","statementMap":{"0":{"start":{"line":1,"column":16},"end":{"line":1,"column":34}},"1":{"start":{"line":2,"column":15},"end":{"line":2,"column":31}},"2":{"start":{"line":4,"column":20},"end":{"line":4,"column":49}},"3":{"start":{"line":5,"column":15},"end":{"line":5,"column":46}},"4":{"start":{"line":6,"column":13},"end":{"line":6,"column":38}},"5":{"start":{"line":15,"column":4},"end":{"line":15,"column":56}},"6":{"start":{"line":20,"column":0},"end":{"line":20,"column":43}},"7":{"start":{"line":25,"column":0},"end":{"line":25,"column":49}},"8":{"start":{"line":30,"column":0},"end":{"line":30,"column":56}},"9":{"start":{"line":36,"column":0},"end":{"line":41,"column":2}},"10":{"start":{"line":47,"column":0},"end":{"line":47,"column":56}},"11":{"start":{"line":52,"column":0},"end":{"line":52,"column":51}},"12":{"start":{"line":57,"column":0},"end":{"line":57,"column":49}},"13":{"start":{"line":63,"column":0},"end":{"line":175,"column":3}},"14":{"start":{"line":64,"column":2},"end":{"line":174,"column":3}},"15":{"start":{"line":65,"column":19},"end":{"line":65,"column":30}},"16":{"start":{"line":75,"column":8},"end":{"line":75,"column":16}},"17":{"start":{"line":77,"column":17},"end":{"line":77,"column":44}},"18":{"start":{"line":78,"column":4},"end":{"line":80,"column":5}},"19":{"start":{"line":79,"column":6},"end":{"line":79,"column":74}},"20":{"start":{"line":83,"column":4},"end":{"line":93,"column":5}},"21":{"start":{"line":84,"column":6},"end":{"line":92,"column":9}},"22":{"start":{"line":95,"column":4},"end":{"line":101,"column":5}},"23":{"start":{"line":96,"column":6},"end":{"line":100,"column":9}},"24":{"start":{"line":103,"column":4},"end":{"line":113,"column":5}},"25":{"start":{"line":104,"column":6},"end":{"line":112,"column":9}},"26":{"start":{"line":115,"column":4},"end":{"line":124,"column":5}},"27":{"start":{"line":116,"column":6},"end":{"line":123,"column":9}},"28":{"start":{"line":126,"column":4},"end":{"line":139,"column":5}},"29":{"start":{"line":130,"column":6},"end":{"line":138,"column":9}},"30":{"start":{"line":142,"column":4},"end":{"line":142,"column":22}},"31":{"start":{"line":143,"column":4},"end":{"line":143,"column":28}},"32":{"start":{"line":145,"column":4},"end":{"line":163,"column":6}},"33":{"start":{"line":165,"column":4},"end":{"line":165,"column":22}},"34":{"start":{"line":167,"column":4},"end":{"line":170,"column":7}},"35":{"start":{"line":172,"column":4},"end":{"line":172,"column":42}},"36":{"start":{"line":173,"column":4},"end":{"line":173,"column":56}},"37":{"start":{"line":177,"column":0},"end":{"line":177,"column":24}}},"fnMap":{"0":{"name":"(anonymous_0)","decl":{"start":{"line":63,"column":32},"end":{"line":63,"column":33}},"loc":{"start":{"line":63,"column":52},"end":{"line":175,"column":1}},"line":63}},"branchMap":{"0":{"loc":{"start":{"line":78,"column":4},"end":{"line":80,"column":5}},"type":"if","locations":[{"start":{"line":78,"column":4},"end":{"line":80,"column":5}},{"start":{},"end":{}}],"line":78},"1":{"loc":{"start":{"line":83,"column":4},"end":{"line":93,"column":5}},"type":"if","locations":[{"start":{"line":83,"column":4},"end":{"line":93,"column":5}},{"start":{},"end":{}}],"line":83},"2":{"loc":{"start":{"line":83,"column":22},"end":{"line":83,"column":40}},"type":"binary-expr","locations":[{"start":{"line":83,"column":22},"end":{"line":83,"column":34}},{"start":{"line":83,"column":38},"end":{"line":83,"column":40}}],"line":83},"3":{"loc":{"start":{"line":95,"column":4},"end":{"line":101,"column":5}},"type":"if","locations":[{"start":{"line":95,"column":4},"end":{"line":101,"column":5}},{"start":{},"end":{}}],"line":95},"4":{"loc":{"start":{"line":95,"column":8},"end":{"line":95,"column":40}},"type":"binary-expr","locations":[{"start":{"line":95,"column":8},"end":{"line":95,"column":13}},{"start":{"line":95,"column":17},"end":{"line":95,"column":40}}],"line":95},"5":{"loc":{"start":{"line":103,"column":4},"end":{"line":113,"column":5}},"type":"if","locations":[{"start":{"line":103,"column":4},"end":{"line":113,"column":5}},{"start":{},"end":{}}],"line":103},"6":{"loc":{"start":{"line":103,"column":8},"end":{"line":103,"column":56}},"type":"binary-expr","locations":[{"start":{"line":103,"column":8},"end":{"line":103,"column":17}},{"start":{"line":103,"column":21},"end":{"line":103,"column":35}},{"start":{"line":103,"column":39},"end":{"line":103,"column":56}}],"line":103},"7":{"loc":{"start":{"line":115,"column":4},"end":{"line":124,"column":5}},"type":"if","locations":[{"start":{"line":115,"column":4},"end":{"line":124,"column":5}},{"start":{},"end":{}}],"line":115},"8":{"loc":{"start":{"line":115,"column":8},"end":{"line":115,"column":58}},"type":"binary-expr","locations":[{"start":{"line":115,"column":8},"end":{"line":115,"column":14}},{"start"
[...]
e":13,"column":17},"end":{"line":13,"column":69}},"9":{"start":{"line":14,"column":4},"end":{"line":16,"column":5}},"10":{"start":{"line":15,"column":6},"end":{"line":15,"column":74}},"11":{"start":{"line":17,"column":4},"end":{"line":17,"column":44}},"12":{"start":{"line":19,"column":4},"end":{"line":19,"column":59}},"13":{"start":{"line":20,"column":4},"end":{"line":20,"column":56}},"14":{"start":{"line":28,"column":0},"end":{"line":46,"column":3}},"15":{"start":{"line":29,"column":2},"end":{"line":45,"column":3}},"16":{"start":{"line":30,"column":20},"end":{"line":30,"column":29}},"17":{"start":{"line":32,"column":4},"end":{"line":34,"column":5}},"18":{"start":{"line":33,"column":6},"end":{"line":33,"column":66}},"19":{"start":{"line":36,"column":21},"end":{"line":36,"column":35}},"20":{"start":{"line":37,"column":18},"end":{"line":39,"column":5}},"21":{"start":{"line":41,"column":4},"end":{"line":41,"column":20}},"22":{"start":{"line":43,"column":4},"end":{"line":43,"column":65}},"23":{"start":{"line":44,"column":4},"end":{"line":44,"column":56}},"24":{"start":{"line":51,"column":0},"end":{"line":85,"column":3}},"25":{"start":{"line":52,"column":2},"end":{"line":84,"column":3}},"26":{"start":{"line":53,"column":30},"end":{"line":53,"column":39}},"27":{"start":{"line":55,"column":22},"end":{"line":70,"column":5}},"28":{"start":{"line":72,"column":4},"end":{"line":76,"column":5}},"29":{"start":{"line":73,"column":6},"end":{"line":73,"column":44}},"30":{"start":{"line":74,"column":6},"end":{"line":74,"column":61}},"31":{"start":{"line":74,"column":16},"end":{"line":74,"column":61}},"32":{"start":{"line":75,"column":6},"end":{"line":75,"column":70}},"33":{"start":{"line":75,"column":19},"end":{"line":75,"column":70}},"34":{"start":{"line":78,"column":17},"end":{"line":78,"column":70}},"35":{"start":{"line":80,"column":4},"end":{"line":80,"column":19}},"36":{"start":{"line":82,"column":4},"end":{"line":82,"column":61}},"37":{"start":{"line":83,"column":4},"end":{"line":83,"column":56}},"38":{"start":{"line":90,"column":0},"end":{"line":134,"column":3}},"39":{"start":{"line":91,"column":2},"end":{"line":133,"column":3}},"40":{"start":{"line":92,"column":25},"end":{"line":92,"column":38}},"41":{"start":{"line":93,"column":26},"end":{"line":93,"column":37}},"42":{"start":{"line":95,"column":4},"end":{"line":99,"column":5}},"43":{"start":{"line":96,"column":6},"end":{"line":98,"column":63}},"44":{"start":{"line":101,"column":23},"end":{"line":101,"column":56}},"45":{"start":{"line":102,"column":24},"end":{"line":102,"column":58}},"46":{"start":{"line":104,"column":4},"end":{"line":106,"column":5}},"47":{"start":{"line":105,"column":6},"end":{"line":105,"column":74}},"48":{"start":{"line":108,"column":29},"end":{"line":108,"column":73}},"49":{"start":{"line":110,"column":4},"end":{"line":120,"column":5}},"50":{"start":{"line":111,"column":6},"end":{"line":113,"column":8}},"51":{"start":{"line":112,"column":16},"end":{"line":112,"column":46}},"52":{"start":{"line":114,"column":6},"end":{"line":116,"column":8}},"53":{"start":{"line":115,"column":16},"end":{"line":115,"column":47}},"54":{"start":{"line":118,"column":6},"end":{"line":118,"column":47}},"55":{"start":{"line":119,"column":6},"end":{"line":119,"column":47}},"56":{"start":{"line":122,"column":4},"end":{"line":122,"column":29}},"57":{"start":{"line":123,"column":4},"end":{"line":123,"column":28}},"58":{"start":{"line":125,"column":4},"end":{"line":129,"column":7}},"59":{"start":{"line":131,"column":4},"end":{"line":131,"column":43}},"60":{"start":{"line":132,"column":4},"end":{"line":132,"column":56}},"61":{"start":{"line":139,"column":0},"end":{"line":192,"column":2}},"62":{"start":{"line":144,"column":4},"end":{"line":190,"column":5}},"63":{"start":{"line":145,"column":23},"end":{"line":145,"column":33}},"64":{"start":{"line":147,"column":6},"end":{"line":151,"column":7}},"65":{"start":{"line":148,"column":8},"end":{"line":150,"column":69}},"66":{"start":{"line":153,"column":6},"end":{"line":155,"column":7}},"67":{"start":{"line":154,"column":8},"end":{"line":154,"column":73}},"68":{"start":{"line":157,"column":27},"end":{"line":184,"column":7}},"69":{"start":{"line":163,"column":10},"end":{"line":168,"column":11}},"70":{"start":{"line":164,"column":12},"end":{"line":164,"column":55}},"71":{"start":{"line":165,"column":12},"end":{"line":167,"column":61}},"72":{"start":{"line":171,"column":12},"end":{"line":171,"column":60}},"73":{"start":{"line":173,"column":23},"end":{"line":177,"column":31}},"74":{"start":{"line":179,"column":10},"end":{"line":182,"column":13}},"75":{"start":{"line":186,"column":6},"end":{"line":186,"column":40}},"76":{"start":{"line":188,"column":6},"end":{"line":188,"column":49}},"77":{"start":{"line":189,"column":6},"end":{"line":189,"column":65}},"78":{"start":{"line":198,"column":0},"end":{"line":212,"column":3}},"79":{"start":{"line":199,"column":2},"end":{"line":211,"column":3}},"80":{"start":{"line":200,"column":22},"end":{"line":200,"column":31}},"81":{"start":{"line":202,"column":4},"end":{"line":204,"column":5}},"82":{"start":{"line":203,"column":6},"end":{"line":203,"column":66}},"83":{"start":{"line":206,"column":19},"end":{"line":206,"column":47}},"84":{"start":{"line":207,"column":4},"end":{"line":207,"column":35}},"85":{"start":{"line":209,"column":4},"end":{"line":209,"column":54}},"86":{"start":{"line":210,"column":4},"end":{"line":210,"column":57}},"87":{"start":{"line":215,"column":0},"end":{"line":242,"column":3}},"88":{"start":{"line":216,"column":2},"end":{"line":241,"column":3}},"89":{"start":{"line":217,"column":17},"end":{"line":219,"column":13}},"90":{"start":{"line":221,"column":4},"end":{"line":223,"column":5}},"91":{"start":{"line":222,"column":6},"end":{"line":222,"column":74}},"92":{"start":{"line":226,"column":4},"end":{"line":235,"column":5}},"93":{"start":{"line":227,"column":6},"end":{"line":234,"column":8}},"94":{"start":{"line":237,"column":4},"end":{"line":237,"column":23}},"95":{"start":{"line":239,"column":4},"end":{"line":239,"column":61}},"96":{"start":{"line":240,"column":4},"end":{"line":240,"column":56}},"97":{"start":{"line":247,"column":0},"end":{"line":258,"column":3}},"98":{"start":{"line":248,"column":2},"end":{"line":257,"column":3}},"99":{"start":{"line":249,"column":17},"end":{"line":249,"column":71}},"100":{"start":{"line":250,"column":4},"end":{"line":252,"column":5}},"101":{"start":{"line":251,"column":6},"end":{"line":251,"column":74}},"102":{"start":{"line":253,"column":4},"end":{"line":253,"column":23}},"103":{"start":{"line":255,"column":4},"end":{"line":255,"column":43}},"104":{"start":{"line":256,"column":4},"end":{"line":256,"column":56}},"105":{"start":{"line":260,"column":0},"end":{"line":260,"column":24}}},"fnMap":{"0":{"name":"(anonymous_0)","decl":{"start":{"line":11,"column":37},"end":{"line":11,"column":38}},"loc":{"start":{"line":11,"column":57},"end":{"line":22,"column":1}},"line":11},"1":{"name":"(anonymous_1)","decl":{"start":{"line":28,"column":25},"end":{"line":28,"column":26}},"loc":{"start":{"line":28,"column":45},"end":{"line":46,"column":1}},"line":28},"2":{"name":"(anonymous_2)","decl":{"start":{"line":51,"column":23},"end":{"line":51,"column":24}},"loc":{"start":{"line":51,"column":43},"end":{"line":85,"column":1}},"line":51},"3":{"name":"(anonymous_3)","decl":{"start":{"line":90,"column":36},"end":{"line":90,"column":37}},"loc":{"start":{"line":90,"column":56},"end":{"line":134,"column":1}},"line":90},"4":{"name":"(anonymous_4)","decl":{"start":{"line":112,"column":8},"end":{"line":112,"column":9}},"loc":{"start":{"line":112,"column":16},"end":{"line":112,"column":46}},"line":112},"5":{"name":"(anonymous_5)","decl":{"start":{"line":115,"column":8},"end":{"line":115,"column":9}},"loc":{"start":{"line":115,"column":16},"end":{"line":115,"column":47}},"line":115},"6":{"name":"(anonymous_6)","decl":{"start":{"line":143,"column":2},"end":{"line":143,"column":3}},"loc":{"start":{"line":143,"column":22},"end":{"line":191,"column":3}},"line":143},"7":{"name":"(anonymous_7)","decl":{"start":{"line":162,"column":8},"end":{"line":162,"column":9}},"loc":{"start":{"line":162,"column":38},"end":{"line":183,"column":9}},"line":162},"8":{"name":"(anonymous_8)","decl":{"start":{"line":198,"column":27},"end":{"line":198,"column":28}},"loc":{"start":{"line":198,"column":47},"end":{"line":212,"column":1}},"line":198},"9":{"name":"(anonymous_9)","decl":{"start":{"line":215,"column":26},"end":{"line":215,"column":27}},"loc":{"start":{"line":215,"column":46},"end":{"line":242,"column":1}},"line":215},"10":{"name":"(anonymous_10)","decl":{"start":{"line":247,"column":28},"end":{"line":247,"column":29}},"loc":{"start":{"line":247,"column":48},"end":{"line":258,"column":1}},"line":247}},"branchMap":{"0":{"loc":{"start":{"line":14,"column":4},"end":{"line":16,"column":5}},"type":"if","locations":[{"start":{"line":14,"column":4},"end":{"line":16,"column":5}},{"start":{},"end":{}}],"line":14},"1":{"loc":{"start":{"line":32,"column":4},"end":{"line":34,"column":5}},"type":"if","locations":[{"start":{"line":32,"column":4},"end":{"line":34,"column":5}},{"start":{},"end":{}}],"line":32},"2":{"loc":{"start":{"line":72,"column":4},"end":{"line":76,"column":5}},"type":"if","locations":[{"start":{"line":72,"column":4},"end":{"line":76,"column":5}},{"start":{},"end":{}}],"line":72},"3":{"loc":{"start":{"line":72,"column":8},"end":{"line":72,"column":23}},"type":"binary-expr","locations":[{"start":{"line":72,"column":8},"end":{"line":72,"column":12}},{"start":{"line":72,"column":16},"end":{"line":72,"column":23}}],"line":72},"4":{"loc":{"start":{"line":74,"column":6},"end":{"line":74,"column":61}},"type":"if","locations":[{"start":{"line":74,"column":6},"end":{"line":74,"column":61}},{"start":{},"end":{}}],"line":74},"5":{"loc":{"start":{"line":75,"column":6},"end":{"line":75,"column":70}},"type":"if","locations":[{"start":{"line":75,"column":6},"end":{"line":75,"column":70}},{"start":{},"end":{}}],"line":75},"6":{"loc":{"start":{"line":95,"column":4},"end":{"line":99,"column":5}},"type":"if","locations":[{"start":{"line":95,"column":4},"end":{"line":99,"column":5}},{"start":{},"end":{}}],"line":95},"7":{"loc":{"start":{"line":104,"column":4},"end":{"line":106,"column":5}},"type":"if","locations":[{"start":{"line":104,"column":4},"end":{"line":106,"column":5}},{"start":{},"end":{}}],"line":104},"8":{"loc":{"start":{"line":110,"column":4},"end":{"line":120,"column":5}},"type":"if","locations":[{"start":{"line":110,"column":4},"end":{"line":120,"column":5}},{"start":{"line":117,"column":11},"end":{"line":120,"column":5}}],"line":110},"9":{"loc":{"start":{"line":126,"column":15},"end":{"line":126,"column":78}},"type":"cond-expr","locations":[{"start":{"line":126,"column":34},"end":{"line":126,"column":56}},{"start":{"line":126,"column":59},"end":{"line":126,"column":78}}],"line":126},"10":{"loc":{"start":{"line":147,"column":6},"end":{"line":151,"column":7}},"type":"if","locations":[{"start":{"line":147,"column":6},"end":{"line":151,"column":7}},{"start":{},"end":{}}],"line":147},"11":{"loc":{"start":{"line":153,"column":6},"end":{"line":155,"column":7}},"type":"if","locations":[{"start":{"line":153,"column":6},"end":{"line":155,"column":7}},{"start":{},"end":{}}],"line":153},"12":{"loc":{"start":{"line":163,"column":10},"end":{"line":168,"column":11}},"type":"if","locations":[{"start":{"line":163,"column":10},"end":{"line":168,"column":11}},{"start":{},"end":{}}],"line":163},"13":{"loc":{"start":{"line":171,"column":12},"end":{"line":171,"column":60}},"type":"cond-expr","locations":[{"start":{"line":171,"column":32},"end":{"line":171,"column":46}},{"start":{"line":171,"column":49},"end":{"line":171,"column":60}}],"line":171},"14":{"loc":{"start":{"line":202,"column":4},"end":{"line":204,"column":5}},"type":"if","locations":[{"start":{"line":202,"column":4},"end":{"line":204,"column":5}},{"start":{},"end":{}}],"line":202},"15":{"loc":{"start":{"line":221,"column":4},"end":{"line":223,"column":5}},"type":"if","locations":[{"start":{"line":221,"column":4},"end":{"line":223,"column":5}},{"start":{},"end":{}}],"line":221},"16":{"loc":{"start":{"line":226,"column":4},"end":{"line":235,"column":5}},"type":"if","locations":[{"start":{"line":226,"column":4},"end":{"line":235,"column":5}},{"start":{},"end":{}}],"line":226},"17":{"loc":{"start":{"line":230,"column":20},"end":{"line":230,"column":52}},"type":"binary-expr","locations":[{"start":{"line":230,"column":20},"end":{"line":230,"column":46}},{"start":{"line":230,"column":50},"end":{"line":230,"column":52}}],"line":230},"18":{"loc":{"start":{"line":231,"column":18},"end":{"line":231,"column":48}},"type":"binary-expr","locations":[{"start":{"line":231,"column":18},"end":{"line":231,"column":42}},{"start":{"line":231,"column":46},"end":{"line":231,"column":48}}],"line":231},"19":{"loc":{"start":{"line":232,"column":18},"end":{"line":232,"column":50}},"type":"binary-expr","locations":[{"start":{"line":232,"column":18},"end":{"line":232,"column":42}},{"start":{"line":232,"column":46},"end":{"line":232,"column":50}}],"line":232},"20":{"loc":{"start":{"line":233,"column":21},"end":{"line":233,"column":56}},"type":"binary-expr","locations":[{"start":{"line":233,"column":21},"end":{"line":233,"column":48}},{"start":{"line":233,"column":52},"end":{"line":233,"column":56}}],"line":233},"21":{"loc":{"start":{"line":250,"column":4},"end":{"line":252,"column":5}},"type":"if","locations":[{"start":{"line":250,"column":4},"end":{"line":252,"column":5}},{"start":{},"end":{}}],"line":250}},"s":{"0":15,"1":15,"2":15,"3":15,"4":15,"5":15,"6":15,"7":4,"8":4,"9":3,"10":1,"11":2,"12":1,"13":1,"14":15,"15":4,"16":4,"17":4,"18":2,"19":2,"20":2,"21":2,"22":0,"23":0,"24":15,"25":2,"26":2,"27":2,"28":2,"29":0,"30":0,"31":0,"32":0,"33":0,"34":2,"35":1,"36":1,"37":1,"38":15,"39":14,"40":14,"41":14,"42":14,"43":2,"44":12,"45":12,"46":12,"47":2,"48":10,"49":9,"50":1,"51":1,"52":1,"53":1,"54":8,"55":8,"56":9,"57":9,"58":8,"59":2,"60":2,"61":15,"62":6,"63":6,"64":6,"65":2,"66":4,"67":1,"68":3,"69":3,"70":0,"71":0,"72":3,"73":3,"74":3,"75":3,"76":0,"77":0,"78":15,"79":8,"80":8,"81":8,"82":3,"83":5,"84":4,"85":1,"86":1,"87":15,"88":7,"89":7,"90":6,"91":3,"92":3,"93":3,"94":3,"95":1,"96":1,"97":15,"98":7,"99":7,"100":6,"101":3,"102":3,"103":1,"104":1,"105":15},"f":{"0":4,"1":4,"2":2,"3":14,"4":1,"5":1,"6":6,"7":3,"8":8,"9":7,"10":7},"b":{"0":[1,2],"1":[2,2],"2":[0,2],"3":[2,2],"4":[0,0],"5":[0,0],"6":[2,12],"7":[2,10],"8":[1,8],"9":[1,7],"10":[2,4],"11":[1,3],"12":[0,3],"13":[1,2],"14":[3,5],"15":[3,3],"16":[3,0],"17":[3,1],"18":[3,3],"19":[3,1],"20":[3,3],"21":[3,3]},"_coverageSchema":"1a1c01bbd47fc00a2c39e90264f33305004495a9","hash":"858a7e070bafaf71ca94defffa0e779cf00e4bda"}
,"/app/utils/jwt.js": {"path":"/app/utils/jwt.js","statementMap":{"0":{"start":{"line":1,"column":12},"end":{"line":1,"column":35}},"1":{"start":{"line":3,"column":0},"end":{"line":7,"column":1}},"2":{"start":{"line":4,"column":2},"end":{"line":6,"column":4}},"3":{"start":{"line":9,"column":19},"end":{"line":9,"column":34}},"4":{"start":{"line":10,"column":23},"end":{"line":10,"column":57}},"5":{"start":{"line":13,"column":22},"end":{"line":37,"column":1}},"6":{"start":{"line":14,"column":2},"end":{"line":16,"column":3}},"7":{"start":{"line":15,"column":4},"end":{"line":15,"column":72}},"8":{"start":{"line":19,"column":17},"end":{"line":19,"column":48}},"9":{"start":{"line":20,"column":2},"end":{"line":24,"column":3}},"10":{"start":{"line":21,"column":4},"end":{"line":23,"column":6}},"11":{"start":{"line":26,"column":18},"end":{"line":31,"column":3}},"12":{"start":{"line":33,"column":2},"end":{"line":36,"column":5}},"13":{"start":{"line":40,"column":20},"end":{"line":48,"column":1}},"14":{"start":{"line":41,"column":2},"end":{"line":43,"column":3}},"15":{"start":{"line":42,"column":4},"end":{"line":42,"column":43}},"16":{"start":{"line":45,"column":2},"end":{"line":47,"column":5}},"17":{"start":{"line":50,"column":0},"end":{"line":50,"column":48}}},"fnMap":{"0":{"name":"(anonymous_0)","decl":{"start":{"line":13,"column":22},"end":{"line":13,"column":23}},"loc":{"start":{"line":13,"column":32},"end":{"line":37,"column":1}},"line":13},"1":{"name":"(anonymous_1)","decl":{"start":{"line":40,"column":20},"end":{"line":40,"column":21}},"loc":{"start":{"line":40,"column":31},"end":{"line":48,"column":1}},"line":40}},"branchMap":{"0":{"loc":{"start":{"line":3,"column":0},"end":{"line":7,"column":1}},"type":"if","locations":[{"start":{"line":3,"column":0},"end":{"line":7,"column":1}},{"start":{},"end":{}}],"line":3},"1":{"loc":{"start":{"line":10,"column":23},"end":{"line":10,"column":57}},"type":"binary-expr","locations":[{"start":{"line":10,"column":23},"end":{"line":10,"column":49}},{"start":{"line":10,"column":53},"end":{"line":10,"column":57}}],"line":10},"2":{"loc":{"start":{"line":14,"column":2},"end":{"line":16,"column":3}},"type":"if","locations":[{"start":{"line":14,"column":2},"end":{"line":16,"column":3}},{"start":{},"end":{}}],"line":14},"3":{"loc":{"start":{"line":19,"column":17},"end":{"line":19,"column":48}},"type":"binary-expr","locations":[{"start":{"line":19,"column":17},"end":{"line":19,"column":25}},{"start":{"line":19,"column":29},"end":{"line":19,"column":36}},{"start":{"line":19,"column":40},"end":{"line":19,"column":48}}],"line":19},"4":{"loc":{"start":{"line":20,"column":2},"end":{"line":24,"column":3}},"type":"if","locations":[{"start":{"line":20,"column":2},"end":{"line":24,"column":3}},{"start":{},"end":{}}],"line":20},"5":{"loc":{"start":{"line":28,"column":11},"end":{"line":28,"column":29}},"type":"binary-expr","locations":[{"start":{"line":28,"column":11},"end":{"line":28,"column":21}},{"start":{"line":28,"column":25},"end":{"line":28,"column":29}}],"line":28},"6":{"loc":{"start":{"line":30,"column":16},"end":{"line":30,"column":52}},"type":"binary-expr","locations":[{"start":{"line":30,"column":16},"end":{"line":30,"column":31}},{"start":{"line":30,"column":35},"end":{"line":30,"column":44}},{"start":{"line":30,"column":48},"end":{"line":30,"column":52}}],"line":30},"7":{"loc":{"start":{"line":41,"column":2},"end":{"line":43,"column":3}},"type":"if","locations":[{"start":{"line":41,"column":2},"end":{"line":43,"column":3}},{"start":{},"end":{}}],"line":41}},"s":{"0":16,"1":16,"2":0,"3":16,"4":16,"5":16,"6":83,"7":1,"8":82,"9":82,"10":1,"11":81,"12":81,"13":16,"14":3,"15":1,"16":2,"17":16},"f":{"0":83,"1":3},"b":{"0":[0,16],"1":[16,0],"2":[1,82],"3":[82,5,1],"4":[1,81],"5":[81,0],"6":[81,2,1],"7":[1,2]},"_coverageSchema":"1a1c01bbd47fc00a2c39e90264f33305004495a9","hash":"827a06d0085aa55ca9a3f555edb8fc5dd69ec246"}
,"/app/utils/validators.js": {"path":"/app/utils/validators.js","statementMap":{"0":{"start":{"line":4,"column":22},"end":{"line":4,"column":73}},"1":{"start":{"line":4,"column":33},"end":{"line":4,"column":73}},"2":{"start":{"line":8,"column":25},"end":{"line":9,"column":72}},"3":{"start":{"line":9,"column":2},"end":{"line":9,"column":72}},"4":{"start":{"line":13,"column":21},"end":{"line":13,"column":72}},"5":{"start":{"line":13,"column":31},"end":{"line":13,"column":72}},"6":{"start":{"line":15,"column":0},"end":{"line":19,"column":2}}},"fnMap":{"0":{"name":"(anonymous_0)","decl":{"start":{"line":4,"column":22},"end":{"line":4,"column":23}},"loc":{"start":{"line":4,"column":33},"end":{"line":4,"column":73}},"line":4},"1":{"name":"(anonymous_1)","decl":{"start":{"line":8,"column":25},"end":{"line":8,"column":26}},"loc":{"start":{"line":9,"column":2},"end":{"line":9,"column":72}},"line":9},"2":{"name":"(anonymous_2)","decl":{"start":{"line":13,"column":21},"end":{"line":13,"column":22}},"loc":{"start":{"line":13,"column":31},"end":{"line":13,"column":72}},"line":13}},"branchMap":{},"s":{"0":16,"1":182,"2":16,"3":99,"4":16,"5":98,"6":16},"f":{"0":182,"1":99,"2":98},"b":{},"_coverageSchema":"1a1c01bbd47fc00a2c39e90264f33305004495a9","hash":"ad1ccd7df5914964ef7cef14ce037cc58ad5a184"}
}
