TN:
SF:app.js
FN:61,(anonymous_0)
FN:70,(anonymous_1)
FNF:2
FNH:0
FNDA:0,(anonymous_0)
FNDA:0,(anonymous_1)
DA:1,5
DA:2,5
DA:3,5
DA:4,5
DA:5,5
DA:6,5
DA:8,5
DA:10,5
DA:12,5
DA:19,5
DA:20,5
DA:23,5
DA:25,5
DA:52,5
DA:55,5
DA:56,5
DA:57,0
DA:61,5
DA:62,0
DA:70,5
DA:71,0
DA:73,0
DA:81,5
LF:23
LH:19
BRDA:27,0,0,5
BRDA:27,0,1,0
BRDA:56,1,0,0
BRDA:56,1,1,5
BRDA:76,2,0,0
BRDA:76,2,1,0
BRF:6
BRH:2
end_of_record
TN:
SF:server.js
FN:5,(anonymous_0)
FNF:1
FNH:0
FNDA:0,(anonymous_0)
DA:1,5
DA:2,5
DA:4,5
DA:5,0
DA:6,0
DA:10,5
LF:6
LH:4
BRDA:4,0,0,0
BRDA:4,0,1,5
BRF:2
BRH:1
end_of_record
TN:
SF:config/db.js
FN:4,(anonymous_0)
FNF:1
FNH:0
FNDA:0,(anonymous_0)
DA:2,5
DA:4,5
DA:5,0
DA:6,0
DA:7,0
DA:9,0
DA:10,0
DA:14,5
LF:8
LH:3
BRF:0
BRH:0
end_of_record
TN:
SF:controllers/account.controller.js
FN:4,(anonymous_0)
FN:43,(anonymous_1)
FN:77,(anonymous_2)
FNF:3
FNH:1
FNDA:4,(anonymous_0)
FNDA:0,(anonymous_1)
FNDA:0,(anonymous_2)
DA:1,5
DA:2,5
DA:4,5
DA:5,4
DA:6,4
DA:7,4
DA:9,4
DA:10,2
DA:13,2
DA:14,2
DA:15,0
DA:18,2
DA:19,2
DA:21,2
DA:27,2
DA:38,0
DA:39,0
DA:43,5
DA:44,0
DA:45,0
DA:46,0
DA:48,0
DA:49,0
DA:50,0
DA:53,0
DA:54,0
DA:55,0
DA:56,0
DA:58,0
DA:60,0
DA:72,0
DA:73,0
DA:77,5
DA:78,0
DA:79,0
DA:87,0
DA:89,0
DA:90,0
DA:91,0
DA:94,0
DA:95,0
DA:98,0
DA:99,0
DA:100,0
DA:101,0
DA:102,0
DA:103,0
DA:105,0
DA:107,0
DA:112,0
DA:113,0
LF:51
LH:16
BRDA:9,0,0,2
BRDA:9,0,1,2
BRDA:14,1,0,0
BRDA:14,1,1,2
BRDA:49,2,0,0
BRDA:49,2,1,0
BRDA:53,3,0,0
BRDA:53,3,1,0
BRDA:54,4,0,0
BRDA:54,4,1,0
BRDA:55,5,0,0
BRDA:55,5,1,0
BRDA:56,6,0,0
BRDA:56,6,1,0
BRDA:90,7,0,0
BRDA:90,7,1,0
BRDA:94,8,0,0
BRDA:94,8,1,0
BRDA:98,9,0,0
BRDA:98,9,1,0
BRDA:99,10,0,0
BRDA:99,10,1,0
BRDA:100,11,0,0
BRDA:100,11,1,0
BRDA:101,12,0,0
BRDA:101,12,1,0
BRDA:102,13,0,0
BRDA:102,13,1,0
BRDA:103,14,0,0
BRDA:103,14,1,0
BRF:30
BRH:3
end_of_record
TN:
SF:controllers/proController.js
FN:1,(anonymous_0)
FNF:1
FNH:1
FNDA:2,(anonymous_0)
DA:1,5
DA:2,2
LF:2
LH:2
BRF:0
BRH:0
end_of_record
TN:
SF:middleware/auth.js
FN:4,(anonymous_0)
FNF:1
FNH:1
FNDA:17,(anonymous_0)
DA:1,6
DA:4,6
DA:5,17
DA:7,17
DA:8,6
DA:11,11
DA:12,11
DA:13,11
DA:15,9
DA:21,9
DA:23,2
LF:11
LH:11
BRDA:7,0,0,6
BRDA:7,0,1,11
BRDA:7,1,0,17
BRDA:7,1,1,12
BRF:4
BRH:4
end_of_record
TN:
SF:middleware/roles.js
FN:1,(anonymous_0)
FN:1,(anonymous_1)
FNF:2
FNH:2
FNDA:5,(anonymous_0)
FNDA:4,(anonymous_1)
DA:1,5
DA:2,4
DA:3,2
DA:5,2
LF:4
LH:4
BRDA:2,0,0,2
BRDA:2,0,1,2
BRDA:2,1,0,4
BRDA:2,1,1,4
BRF:4
BRH:4
end_of_record
TN:
SF:models/User.js
FN:41,(anonymous_0)
FN:49,(anonymous_1)
FNF:2
FNH:2
FNDA:9,(anonymous_0)
FNDA:1,(anonymous_1)
DA:1,5
DA:2,5
DA:4,5
DA:41,5
DA:42,9
DA:43,7
DA:44,7
DA:45,7
DA:49,5
DA:50,1
DA:53,5
DA:54,5
LF:12
LH:12
BRDA:42,0,0,2
BRDA:42,0,1,7
BRF:2
BRH:2
end_of_record
TN:
SF:routes/account.js
FNF:0
FNH:0
DA:1,5
DA:2,5
DA:7,5
DA:9,5
DA:11,5
DA:12,5
DA:13,5
DA:15,5
LF:8
LH:8
BRF:0
BRH:0
end_of_record
TN:
SF:routes/pro.js
FNF:0
FNH:0
DA:1,5
DA:2,5
DA:3,5
DA:4,5
DA:6,5
DA:9,5
DA:11,5
LF:7
LH:7
BRF:0
BRH:0
end_of_record
TN:
SF:routes/router.js
FN:1,(anonymous_0)
FNF:1
FNH:1
FNDA:5,(anonymous_0)
DA:1,5
DA:2,5
DA:3,5
DA:4,5
LF:4
LH:4
BRF:0
BRH:0
end_of_record
TN:
SF:routes/auth/index.js
FNF:0
FNH:0
DA:1,5
DA:2,5
DA:4,5
DA:5,5
DA:6,5
DA:8,5
LF:6
LH:6
BRF:0
BRH:0
end_of_record
TN:
SF:routes/auth/login.js
FN:22,(anonymous_0)
FNF:1
FNH:1
FNDA:1,(anonymous_0)
DA:1,5
DA:2,5
DA:3,5
DA:4,5
DA:6,5
DA:9,5
DA:23,1
DA:24,1
DA:25,0
DA:28,1
DA:29,1
DA:30,1
DA:31,1
DA:32,0
DA:35,1
DA:36,1
DA:37,0
DA:40,1
DA:42,1
DA:54,0
DA:55,0
DA:60,5
LF:22
LH:17
BRDA:24,0,0,0
BRDA:24,0,1,1
BRDA:31,1,0,0
BRDA:31,1,1,1
BRDA:36,2,0,0
BRDA:36,2,1,1
BRF:6
BRH:3
end_of_record
TN:
SF:routes/auth/me.js
FN:8,(anonymous_0)
FNF:1
FNH:0
FNDA:0,(anonymous_0)
DA:1,5
DA:2,5
DA:3,5
DA:5,5
DA:8,5
DA:9,0
DA:10,0
DA:11,0
DA:14,0
DA:18,0
DA:19,0
DA:22,0
DA:24,0
DA:25,0
DA:29,5
LF:15
LH:6
BRDA:10,0,0,0
BRDA:10,0,1,0
BRDA:10,1,0,0
BRDA:10,1,1,0
BRDA:18,2,0,0
BRDA:18,2,1,0
BRF:6
BRH:0
end_of_record
TN:
SF:routes/auth/register.js
FN:31,(anonymous_0)
FNF:1
FNH:1
FNDA:1,(anonymous_0)
DA:1,5
DA:2,5
DA:3,5
DA:5,5
DA:8,5
DA:32,1
DA:33,1
DA:34,1
DA:35,0
DA:38,1
DA:45,1
DA:47,1
DA:48,1
DA:49,0
DA:52,1
DA:60,1
DA:62,1
DA:72,0
DA:73,0
DA:78,5
LF:20
LH:16
BRDA:34,0,0,0
BRDA:34,0,1,1
BRDA:44,1,0,1
BRDA:48,2,0,0
BRDA:48,2,1,1
BRDA:56,3,0,1
BRDA:56,3,1,1
BRDA:57,4,0,0
BRDA:57,4,1,1
BRF:9
BRH:6
end_of_record
TN:
SF:utils/jwt.js
FN:11,(anonymous_0)
FN:29,(anonymous_1)
FNF:2
FNH:2
FNDA:13,(anonymous_0)
FNDA:5,(anonymous_1)
DA:1,8
DA:3,8
DA:4,0
DA:7,8
DA:8,8
DA:11,8
DA:12,13
DA:13,13
DA:15,13
DA:22,13
DA:29,8
DA:30,5
DA:33,8
LF:13
LH:12
BRDA:3,0,0,0
BRDA:3,0,1,8
BRDA:8,1,0,8
BRDA:8,1,1,4
BRDA:12,2,0,13
BRDA:12,2,1,13
BRDA:12,2,2,8
BRDA:12,2,3,0
BRDA:12,2,4,0
BRDA:13,3,0,13
BRDA:13,3,1,0
BRDA:17,4,0,13
BRDA:17,4,1,13
BRDA:19,5,0,13
BRDA:19,5,1,13
BRDA:19,5,2,7
BRDA:19,5,3,7
BRF:17
BRH:13
end_of_record
