TN:
SF:app.js
FN:61,(anonymous_0)
FN:70,(anonymous_1)
FNF:2
FNH:0
FNDA:0,(anonymous_0)
FNDA:0,(anonymous_1)
DA:1,15
DA:2,15
DA:3,15
DA:4,15
DA:5,15
DA:6,15
DA:8,15
DA:10,15
DA:12,15
DA:19,15
DA:20,15
DA:23,15
DA:25,15
DA:52,15
DA:55,15
DA:56,15
DA:57,0
DA:61,15
DA:62,0
DA:70,15
DA:71,0
DA:73,0
DA:81,15
LF:23
LH:19
BRDA:27,0,0,15
BRDA:27,0,1,0
BRDA:56,1,0,0
BRDA:56,1,1,15
BRDA:76,2,0,0
BRDA:76,2,1,0
BRF:6
BRH:2
end_of_record
TN:
SF:server.js
FN:5,(anonymous_0)
FNF:1
FNH:0
FNDA:0,(anonymous_0)
DA:1,5
DA:2,5
DA:4,5
DA:5,0
DA:6,0
DA:10,5
LF:6
LH:4
BRDA:4,0,0,0
BRDA:4,0,1,5
BRF:2
BRH:1
end_of_record
TN:
SF:config/cloudinary.js
FNF:0
FNH:0
DA:1,11
DA:3,11
DA:9,11
DA:12,0
DA:16,11
LF:5
LH:4
BRDA:9,0,0,0
BRDA:9,0,1,11
BRDA:9,1,0,11
BRDA:9,1,1,11
BRDA:9,1,2,11
BRF:5
BRH:4
end_of_record
TN:
SF:config/db.js
FN:4,(anonymous_0)
FNF:1
FNH:0
FNDA:0,(anonymous_0)
DA:2,15
DA:4,15
DA:5,0
DA:6,0
DA:7,0
DA:9,0
DA:10,0
DA:14,15
LF:8
LH:3
BRF:0
BRH:0
end_of_record
TN:
SF:controllers/account.controller.js
FN:6,(anonymous_0)
FN:48,(anonymous_1)
FN:82,(anonymous_2)
FNF:3
FNH:1
FNDA:4,(anonymous_0)
FNDA:0,(anonymous_1)
FNDA:0,(anonymous_2)
DA:1,15
DA:2,15
DA:6,15
DA:7,4
DA:8,4
DA:9,4
DA:12,4
DA:13,2
DA:16,2
DA:19,2
DA:20,0
DA:23,2
DA:24,2
DA:26,2
DA:32,2
DA:43,0
DA:44,0
DA:48,15
DA:49,0
DA:50,0
DA:51,0
DA:53,0
DA:54,0
DA:55,0
DA:58,0
DA:59,0
DA:60,0
DA:61,0
DA:63,0
DA:65,0
DA:77,0
DA:78,0
DA:82,15
DA:83,0
DA:84,0
DA:92,0
DA:94,0
DA:95,0
DA:96,0
DA:99,0
DA:100,0
DA:103,0
DA:104,0
DA:105,0
DA:106,0
DA:107,0
DA:108,0
DA:110,0
DA:112,0
DA:117,0
DA:118,0
LF:51
LH:16
BRDA:12,0,0,2
BRDA:12,0,1,2
BRDA:19,1,0,0
BRDA:19,1,1,2
BRDA:54,2,0,0
BRDA:54,2,1,0
BRDA:58,3,0,0
BRDA:58,3,1,0
BRDA:59,4,0,0
BRDA:59,4,1,0
BRDA:60,5,0,0
BRDA:60,5,1,0
BRDA:61,6,0,0
BRDA:61,6,1,0
BRDA:95,7,0,0
BRDA:95,7,1,0
BRDA:99,8,0,0
BRDA:99,8,1,0
BRDA:103,9,0,0
BRDA:103,9,1,0
BRDA:104,10,0,0
BRDA:104,10,1,0
BRDA:105,11,0,0
BRDA:105,11,1,0
BRDA:106,12,0,0
BRDA:106,12,1,0
BRDA:107,13,0,0
BRDA:107,13,1,0
BRDA:108,14,0,0
BRDA:108,14,1,0
BRF:30
BRH:3
end_of_record
TN:
SF:controllers/proController.js
FN:1,(anonymous_0)
FNF:1
FNH:1
FNDA:2,(anonymous_0)
DA:1,15
DA:2,2
LF:2
LH:2
BRF:0
BRH:0
end_of_record
TN:
SF:middleware/auth.js
FN:4,(anonymous_0)
FNF:1
FNH:1
FNDA:17,(anonymous_0)
DA:1,7
DA:4,7
DA:5,17
DA:7,17
DA:8,6
DA:11,11
DA:12,11
DA:13,11
DA:15,9
DA:21,9
DA:23,2
LF:11
LH:11
BRDA:7,0,0,6
BRDA:7,0,1,11
BRDA:7,1,0,17
BRDA:7,1,1,12
BRF:4
BRH:4
end_of_record
TN:
SF:middleware/roles.js
FN:1,(anonymous_0)
FN:1,(anonymous_1)
FNF:2
FNH:2
FNDA:15,(anonymous_0)
FNDA:4,(anonymous_1)
DA:1,15
DA:2,4
DA:3,2
DA:5,2
LF:4
LH:4
BRDA:2,0,0,2
BRDA:2,0,1,2
BRDA:2,1,0,4
BRDA:2,1,1,4
BRF:4
BRH:4
end_of_record
TN:
SF:middleware/upload.js
FN:10,(anonymous_0)
FNF:1
FNH:0
FNDA:0,(anonymous_0)
DA:1,11
DA:2,11
DA:5,11
DA:7,11
DA:11,0
DA:12,0
DA:15,0
DA:16,0
DA:20,11
LF:9
LH:5
BRDA:15,0,0,0
BRDA:15,0,1,0
BRF:2
BRH:0
end_of_record
TN:
SF:models/Post.js
FNF:0
FNH:0
DA:1,9
DA:3,9
DA:39,9
LF:3
LH:3
BRF:0
BRH:0
end_of_record
TN:
SF:models/User.js
FN:71,(anonymous_0)
FN:79,(anonymous_1)
FNF:2
FNH:2
FNDA:9,(anonymous_0)
FNDA:1,(anonymous_1)
DA:1,12
DA:2,12
DA:4,12
DA:71,12
DA:72,9
DA:73,7
DA:74,7
DA:75,7
DA:79,12
DA:80,1
DA:83,12
DA:84,12
LF:12
LH:12
BRDA:72,0,0,2
BRDA:72,0,1,7
BRF:2
BRH:2
end_of_record
TN:
SF:routes/account.js
FNF:0
FNH:0
DA:1,15
DA:2,15
DA:7,15
DA:9,15
DA:11,15
DA:12,15
DA:13,15
DA:15,15
LF:8
LH:8
BRF:0
BRH:0
end_of_record
TN:
SF:routes/pro.js
FNF:0
FNH:0
DA:1,15
DA:2,15
DA:3,15
DA:4,15
DA:6,15
DA:9,15
DA:11,15
LF:7
LH:7
BRF:0
BRH:0
end_of_record
TN:
SF:routes/router.js
FN:1,(anonymous_0)
FNF:1
FNH:1
FNDA:15,(anonymous_0)
DA:1,15
DA:2,15
DA:3,15
DA:4,15
DA:5,15
DA:8,15
DA:9,15
DA:10,15
DA:11,15
LF:9
LH:9
BRF:0
BRH:0
end_of_record
TN:
SF:routes/auth/index.js
FNF:0
FNH:0
DA:1,15
DA:2,15
DA:4,15
DA:5,15
DA:6,15
DA:8,15
LF:6
LH:6
BRF:0
BRH:0
end_of_record
TN:
SF:routes/auth/login.js
FN:22,(anonymous_0)
FNF:1
FNH:1
FNDA:1,(anonymous_0)
DA:1,15
DA:2,15
DA:3,15
DA:4,15
DA:6,15
DA:9,15
DA:23,1
DA:24,1
DA:25,0
DA:28,1
DA:29,1
DA:30,1
DA:31,1
DA:32,0
DA:35,1
DA:36,1
DA:37,0
DA:40,1
DA:42,1
DA:54,0
DA:55,0
DA:60,15
LF:22
LH:17
BRDA:24,0,0,0
BRDA:24,0,1,1
BRDA:31,1,0,0
BRDA:31,1,1,1
BRDA:36,2,0,0
BRDA:36,2,1,1
BRF:6
BRH:3
end_of_record
TN:
SF:routes/auth/me.js
FN:8,(anonymous_0)
FNF:1
FNH:0
FNDA:0,(anonymous_0)
DA:1,15
DA:2,15
DA:3,15
DA:5,15
DA:8,15
DA:9,0
DA:10,0
DA:11,0
DA:14,0
DA:18,0
DA:19,0
DA:22,0
DA:24,0
DA:25,0
DA:29,15
LF:15
LH:6
BRDA:10,0,0,0
BRDA:10,0,1,0
BRDA:10,1,0,0
BRDA:10,1,1,0
BRDA:18,2,0,0
BRDA:18,2,1,0
BRF:6
BRH:0
end_of_record
TN:
SF:routes/auth/register.js
FN:31,(anonymous_0)
FNF:1
FNH:1
FNDA:1,(anonymous_0)
DA:1,15
DA:2,15
DA:3,15
DA:5,15
DA:8,15
DA:32,1
DA:33,1
DA:34,1
DA:35,0
DA:38,1
DA:45,1
DA:47,1
DA:48,1
DA:49,0
DA:52,1
DA:60,1
DA:62,1
DA:72,0
DA:73,0
DA:78,15
LF:20
LH:16
BRDA:34,0,0,0
BRDA:34,0,1,1
BRDA:44,1,0,1
BRDA:48,2,0,0
BRDA:48,2,1,1
BRDA:56,3,0,1
BRDA:56,3,1,1
BRDA:57,4,0,0
BRDA:57,4,1,1
BRF:9
BRH:6
end_of_record
TN:
SF:routes/posts/create.js
FN:9,(anonymous_0)
FN:25,(anonymous_1)
FNF:2
FNH:2
FNDA:3,(anonymous_0)
FNDA:2,(anonymous_1)
DA:1,15
DA:2,15
DA:3,15
DA:4,15
DA:5,15
DA:6,15
DA:9,15
DA:10,3
DA:11,3
DA:13,3
DA:14,3
DA:15,1
DA:18,2
DA:19,2
DA:23,2
DA:26,2
DA:27,1
DA:28,1
DA:31,1
DA:32,1
DA:39,1
DA:44,0
DA:45,0
DA:51,2
DA:53,0
DA:54,0
DA:58,15
LF:27
LH:23
BRDA:14,0,0,1
BRDA:14,0,1,2
BRDA:18,1,0,2
BRDA:18,1,1,2
BRDA:19,2,0,2
BRDA:19,2,1,2
BRDA:26,3,0,1
BRDA:26,3,1,1
BRDA:36,4,0,1
BRDA:36,4,1,0
BRF:10
BRH:9
end_of_record
TN:
SF:routes/posts/delete.js
FN:7,(anonymous_0)
FNF:1
FNH:0
FNDA:0,(anonymous_0)
DA:1,15
DA:2,15
DA:3,15
DA:4,15
DA:7,15
DA:8,0
DA:9,0
DA:12,0
DA:13,0
DA:14,0
DA:18,0
DA:19,0
DA:22,0
DA:24,0
DA:26,0
DA:27,0
DA:31,15
LF:17
LH:6
BRDA:13,0,0,0
BRDA:13,0,1,0
BRDA:18,1,0,0
BRDA:18,1,1,0
BRF:4
BRH:0
end_of_record
TN:
SF:routes/posts/favorite.js
FN:7,(anonymous_0)
FN:21,(anonymous_1)
FNF:2
FNH:2
FNDA:4,(anonymous_0)
FNDA:1,(anonymous_1)
DA:1,15
DA:2,15
DA:3,15
DA:4,15
DA:7,15
DA:8,4
DA:9,4
DA:10,4
DA:12,4
DA:13,3
DA:14,1
DA:17,2
DA:19,2
DA:21,1
DA:24,1
DA:27,2
DA:29,2
DA:37,1
DA:38,1
DA:42,15
LF:20
LH:20
BRDA:13,0,0,1
BRDA:13,0,1,2
BRDA:19,1,0,1
BRDA:19,1,1,1
BRDA:30,2,0,1
BRDA:30,2,1,1
BRF:6
BRH:6
end_of_record
TN:
SF:routes/posts/index.js
FNF:0
FNH:0
DA:1,15
DA:2,15
DA:4,15
DA:5,15
DA:9,15
DA:12,15
DA:13,15
DA:14,15
DA:15,15
DA:16,15
DA:19,15
LF:11
LH:11
BRF:0
BRH:0
end_of_record
TN:
SF:routes/posts/like.js
FN:7,(anonymous_0)
FN:21,(anonymous_1)
FNF:2
FNH:2
FNDA:4,(anonymous_0)
FNDA:1,(anonymous_1)
DA:1,15
DA:2,15
DA:3,15
DA:4,15
DA:7,15
DA:8,4
DA:9,4
DA:10,4
DA:12,4
DA:13,3
DA:14,1
DA:17,2
DA:19,2
DA:21,1
DA:24,1
DA:27,2
DA:29,2
DA:35,1
DA:36,1
DA:40,15
LF:20
LH:20
BRDA:13,0,0,1
BRDA:13,0,1,2
BRDA:19,1,0,1
BRDA:19,1,1,1
BRDA:30,2,0,1
BRDA:30,2,1,1
BRF:6
BRH:6
end_of_record
TN:
SF:routes/posts/list.js
FN:6,(anonymous_0)
FNF:1
FNH:1
FNDA:5,(anonymous_0)
DA:1,15
DA:2,15
DA:3,15
DA:6,15
DA:7,5
DA:9,5
DA:10,5
DA:11,1
DA:14,5
DA:18,3
DA:23,2
DA:24,2
DA:28,15
LF:13
LH:13
BRDA:10,0,0,1
BRDA:10,0,1,4
BRF:2
BRH:2
end_of_record
TN:
SF:routes/posts/update.js
FN:10,(anonymous_0)
FNF:1
FNH:1
FNDA:5,(anonymous_0)
DA:1,15
DA:2,15
DA:3,15
DA:4,15
DA:5,15
DA:6,15
DA:10,15
DA:11,5
DA:12,5
DA:13,5
DA:16,5
DA:17,5
DA:18,1
DA:22,4
DA:23,1
DA:27,3
DA:28,3
DA:29,3
DA:34,2
DA:35,1
DA:38,1
DA:39,1
DA:44,2
DA:45,2
DA:47,2
DA:49,2
DA:54,0
DA:55,0
DA:59,15
LF:29
LH:27
BRDA:17,0,0,1
BRDA:17,0,1,4
BRDA:22,1,0,1
BRDA:22,1,1,3
BRDA:27,2,0,3
BRDA:27,2,1,0
BRDA:34,3,0,1
BRDA:34,3,1,1
BRDA:34,4,0,2
BRDA:34,4,1,1
BRDA:44,5,0,2
BRDA:44,5,1,0
BRDA:45,6,0,0
BRDA:45,6,1,2
BRF:14
BRH:11
end_of_record
TN:
SF:routes/users/avatar.js
FN:9,(anonymous_0)
FN:27,(anonymous_1)
FNF:2
FNH:2
FNDA:4,(anonymous_0)
FNDA:2,(anonymous_1)
DA:1,15
DA:2,15
DA:3,15
DA:4,15
DA:5,15
DA:6,15
DA:9,15
DA:10,4
DA:11,4
DA:13,4
DA:14,1
DA:17,3
DA:18,1
DA:22,2
DA:28,2
DA:29,1
DA:30,1
DA:34,1
DA:36,1
DA:42,1
DA:49,2
DA:52,0
DA:53,0
DA:57,15
LF:24
LH:22
BRDA:13,0,0,1
BRDA:13,0,1,3
BRDA:17,1,0,1
BRDA:17,1,1,2
BRDA:28,2,0,1
BRDA:28,2,1,1
BRDA:34,3,0,1
BRDA:34,3,1,0
BRF:8
BRH:7
end_of_record
TN:
SF:routes/users/follow.js
FN:7,(anonymous_0)
FN:29,(anonymous_1)
FN:32,(anonymous_2)
FNF:3
FNH:3
FNDA:5,(anonymous_0)
FNDA:1,(anonymous_1)
FNDA:1,(anonymous_2)
DA:1,15
DA:2,15
DA:3,15
DA:4,15
DA:7,15
DA:8,5
DA:9,5
DA:10,5
DA:11,5
DA:12,5
DA:14,5
DA:15,1
DA:18,4
DA:19,3
DA:21,3
DA:22,1
DA:25,2
DA:27,2
DA:28,1
DA:29,1
DA:31,1
DA:32,1
DA:35,1
DA:36,1
DA:39,2
DA:40,2
DA:42,2
DA:50,1
DA:51,1
DA:55,15
LF:30
LH:30
BRDA:14,0,0,1
BRDA:14,0,1,4
BRDA:21,1,0,1
BRDA:21,1,1,2
BRDA:27,2,0,1
BRDA:27,2,1,1
BRDA:43,3,0,1
BRDA:43,3,1,1
BRF:8
BRH:8
end_of_record
TN:
SF:routes/users/getMany.js
FN:6,(anonymous_0)
FNF:1
FNH:0
FNDA:0,(anonymous_0)
DA:1,15
DA:2,15
DA:3,15
DA:6,15
DA:7,0
DA:8,0
DA:10,0
DA:11,0
DA:14,0
DA:15,0
DA:18,0
DA:20,0
DA:21,0
DA:25,15
LF:14
LH:5
BRDA:10,0,0,0
BRDA:10,0,1,0
BRF:2
BRH:0
end_of_record
TN:
SF:routes/users/getOne.js
FN:7,(anonymous_0)
FNF:1
FNH:1
FNDA:3,(anonymous_0)
DA:1,15
DA:2,15
DA:3,15
DA:4,15
DA:7,15
DA:8,3
DA:9,3
DA:10,2
DA:11,1
DA:13,1
DA:15,1
DA:16,1
DA:20,15
LF:13
LH:13
BRDA:10,0,0,1
BRDA:10,0,1,1
BRF:2
BRH:2
end_of_record
TN:
SF:utils/jwt.js
FN:11,(anonymous_0)
FN:29,(anonymous_1)
FNF:2
FNH:2
FNDA:13,(anonymous_0)
FNDA:5,(anonymous_1)
DA:1,18
DA:3,18
DA:4,0
DA:7,18
DA:8,18
DA:11,18
DA:12,13
DA:13,13
DA:15,13
DA:22,13
DA:29,18
DA:30,5
DA:33,18
LF:13
LH:12
BRDA:3,0,0,0
BRDA:3,0,1,18
BRDA:8,1,0,18
BRDA:8,1,1,0
BRDA:12,2,0,13
BRDA:12,2,1,13
BRDA:12,2,2,8
BRDA:12,2,3,0
BRDA:12,2,4,0
BRDA:13,3,0,13
BRDA:13,3,1,0
BRDA:17,4,0,13
BRDA:17,4,1,13
BRDA:19,5,0,13
BRDA:19,5,1,13
BRDA:19,5,2,7
BRDA:19,5,3,7
BRF:17
BRH:12
end_of_record
